Log file open, 09/10/20 19:55:07
LogWindows: Failed to load 'aqProf.dll' (GetLastError=126)
LogWindows: File 'aqProf.dll' does not exist
LogWindows: Failed to load 'VtuneApi.dll' (GetLastError=126)
LogWindows: File 'VtuneApi.dll' does not exist
LogWindows: Failed to load 'VtuneApi32e.dll' (GetLastError=126)
LogWindows: File 'VtuneApi32e.dll' does not exist
LogConsoleResponse: Display: Failed to find resolution value strings in scalability ini. Falling back to default.
LogInit: Display: Running engine for game: GRVRMuseumProject
LogPlatformFile: Not using cached read wrapper
LogTaskGraph: Started task graph with 5 named threads and 35 total threads with 3 sets of task threads.
LogStats: Stats thread started at 13.963404
LogD3D11RHI: Loaded GFSDK_Aftermath_Lib.x64.dll
LogICUInternationalization: ICU TimeZone Detection - Raw Offset: -5:00, Platform Override: ''
LogPluginManager: Mounting plugin Paper2D
LogPluginManager: Mounting plugin AISupport
LogPluginManager: Mounting plugin LightPropagationVolume
LogPluginManager: Mounting plugin ActorLayerUtilities
LogPluginManager: Mounting plugin AnimationSharing
LogPluginManager: Mounting plugin CLionSourceCodeAccess
LogPluginManager: Mounting plugin CodeLiteSourceCodeAccess
LogPluginManager: Mounting plugin GitSourceControl
LogPluginManager: Mounting plugin KDevelopSourceCodeAccess
LogPluginManager: Mounting plugin NullSourceCodeAccess
LogPluginManager: Mounting plugin PerforceSourceControl
LogPluginManager: Mounting plugin PlasticSourceControl
LogPluginManager: Mounting plugin SubversionSourceControl
LogPluginManager: Mounting plugin UObjectPlugin
LogPluginManager: Mounting plugin VisualStudioCodeSourceCodeAccess
LogPluginManager: Mounting plugin VisualStudioSourceCodeAccess
LogPluginManager: Mounting plugin XCodeSourceCodeAccess
LogPluginManager: Mounting plugin AssetManagerEditor
LogPluginManager: Mounting plugin CryptoKeys
LogPluginManager: Mounting plugin CurveEditorTools
LogPluginManager: Mounting plugin DataValidation
LogPluginManager: Mounting plugin FacialAnimation
LogPluginManager: Mounting plugin GameplayTagsEditor
LogPluginManager: Mounting plugin MacGraphicsSwitching
LogPluginManager: Mounting plugin MaterialAnalyzer
LogPluginManager: Mounting plugin MobileLauncherProfileWizard
LogPluginManager: Mounting plugin PluginBrowser
LogPluginManager: Mounting plugin SpeedTreeImporter
LogPluginManager: Mounting plugin DatasmithContent
LogPluginManager: Mounting plugin VariantManagerContent
LogPluginManager: Mounting plugin AlembicImporter
LogPluginManager: Mounting plugin AutomationUtils
LogPluginManager: Mounting plugin BackChannel
LogPluginManager: Mounting plugin CharacterAI
LogPluginManager: Mounting plugin GeometryCache
LogPluginManager: Mounting plugin PlatformCrypto
LogPluginManager: Mounting plugin ProxyLODPlugin
LogPluginManager: Mounting plugin SkeletalReduction
LogPluginManager: Mounting plugin MagicLeap
LogPluginManager: Mounting plugin MagicLeapMedia
LogPluginManager: Mounting plugin MLSDK
LogPluginManager: Mounting plugin AndroidMedia
LogPluginManager: Mounting plugin AvfMedia
LogPluginManager: Mounting plugin ImgMedia
LogPluginManager: Mounting plugin MediaCompositing
LogPluginManager: Mounting plugin MediaPlayerEditor
LogPluginManager: Mounting plugin WebMMedia
LogPluginManager: Mounting plugin WmfMedia
LogPluginManager: Mounting plugin TcpMessaging
LogPluginManager: Mounting plugin UdpMessaging
LogPluginManager: Mounting plugin ActorSequence
LogPluginManager: Mounting plugin LevelSequenceEditor
LogPluginManager: Mounting plugin MatineeToLevelSequence
LogPluginManager: Mounting plugin NetcodeUnitTest
LogPluginManager: Mounting plugin NUTUnrealEngine4
LogPluginManager: Mounting plugin OnlineSubsystemGooglePlay
LogPluginManager: Mounting plugin OnlineSubsystemIOS
LogPluginManager: Mounting plugin OnlineSubsystem
LogPluginManager: Mounting plugin OnlineSubsystemNull
LogPluginManager: Mounting plugin OnlineSubsystemUtils
LogPluginManager: Mounting plugin LauncherChunkInstaller
LogPluginManager: Mounting plugin AndroidDeviceProfileSelector
LogPluginManager: Mounting plugin AndroidMoviePlayer
LogPluginManager: Mounting plugin AndroidPermission
LogPluginManager: Mounting plugin AppleImageUtils
LogPluginManager: Mounting plugin AppleMoviePlayer
LogPluginManager: Mounting plugin ArchVisCharacter
LogPluginManager: Mounting plugin AssetTags
LogPluginManager: Mounting plugin AudioCapture
LogPluginManager: Mounting plugin CableComponent
LogPluginManager: Mounting plugin CustomMeshComponent
LogPluginManager: Mounting plugin EditableMesh
LogPluginManager: Mounting plugin ExampleDeviceProfileSelector
LogPluginManager: Mounting plugin GoogleCloudMessaging
LogPluginManager: Mounting plugin IOSDeviceProfileSelector
LogPluginManager: Mounting plugin LinuxDeviceProfileSelector
LogPluginManager: Mounting plugin LocationServicesBPLibrary
LogPluginManager: Mounting plugin MobilePatchingUtils
LogPluginManager: Mounting plugin OculusVR
LogPluginManager: Mounting plugin PhysXVehicles
LogPluginManager: Mounting plugin PostSplashScreen
LogPluginManager: Mounting plugin ProceduralMeshComponent
LogPluginManager: Mounting plugin RuntimePhysXCooking
LogPluginManager: Mounting plugin SignificanceManager
LogPluginManager: Mounting plugin SteamVR
LogPluginManager: Mounting plugin WebMMoviePlayer
LogPluginManager: Mounting plugin WindowsMoviePlayer
LogPluginManager: Mounting plugin ScreenshotTools
LogInit: Using libcurl 7.55.1-DEV
LogInit:  - built for x86_64-pc-win32
LogInit:  - supports SSL with OpenSSL/1.1.1
LogInit:  - supports HTTP deflate (compression) using libz 1.2.8
LogInit:  - other features:
LogInit:      CURL_VERSION_SSL
LogInit:      CURL_VERSION_LIBZ
LogInit:      CURL_VERSION_IPV6
LogInit:      CURL_VERSION_ASYNCHDNS
LogInit:      CURL_VERSION_LARGEFILE
LogInit:      CURL_VERSION_IDN
LogInit:  CurlRequestOptions (configurable via config and command line):
LogInit:  - bVerifyPeer = true  - Libcurl will verify peer certificate
LogInit:  - bUseHttpProxy = false  - Libcurl will NOT use HTTP proxy
LogInit:  - bDontReuseConnections = false  - Libcurl will reuse connections
LogInit:  - MaxHostConnections = 16  - Libcurl will limit the number of connections to a host
LogInit:  - LocalHostAddr = Default
LogInit:  - BufferSize = 65536
LogOnline: OSS: Creating online subsystem instance for: NULL
LogInit: WinSock: version 1.1 (2.2), MaxSocks=32767, MaxUdp=65467
LogOnline: OSS: TryLoadSubsystemAndSetDefault: Loaded subsystem for module [NULL]
LogInit: Build: ++UE4+Release-4.24-CL-11590370
LogInit: Engine Version: 4.24.3-11590370+++UE4+Release-4.24
LogInit: Compatible Engine Version: 4.24.0-10570792+++UE4+Release-4.24
LogInit: Net CL: 10570792
LogInit: OS: Windows 10 (Release 1903) (), CPU: Intel(R) Core(TM) i7-8750H CPU @ 2.20GHz, GPU: NVIDIA GeForce GTX 1060
LogInit: Compiled (64-bit): Feb 24 2020 15:39:18
LogInit: Compiled with Visual C++: 19.16.27032.01
LogInit: Build Configuration: Development
LogInit: Branch Name: ++UE4+Release-4.24
LogInit: Command Line: 
LogInit: Base Directory: D:/Non-Steam Library/UE_4.24/Engine/Binaries/Win64/
LogInit: Installed Engine Build: 1
LogDevObjectVersion: Number of dev versions registered: 25
LogDevObjectVersion:   Dev-Blueprints (B0D832E4-1F89-4F0D-ACCF-7EB736FD4AA2): 10
LogDevObjectVersion:   Dev-Build (E1C64328-A22C-4D53-A36C-8E866417BD8C): 0
LogDevObjectVersion:   Dev-Core (375EC13C-06E4-48FB-B500-84F0262A717E): 3
LogDevObjectVersion:   Dev-Editor (E4B068ED-F494-42E9-A231-DA0B2E46BB41): 37
LogDevObjectVersion:   Dev-Framework (CFFC743F-43B0-4480-9391-14DF171D2073): 36
LogDevObjectVersion:   Dev-Mobile (B02B49B5-BB20-44E9-A304-32B752E40360): 2
LogDevObjectVersion:   Dev-Networking (A4E4105C-59A1-49B5-A7C5-40C4547EDFEE): 0
LogDevObjectVersion:   Dev-Online (39C831C9-5AE6-47DC-9A44-9C173E1C8E7C): 0
LogDevObjectVersion:   Dev-Physics (78F01B33-EBEA-4F98-B9B4-84EACCB95AA2): 2
LogDevObjectVersion:   Dev-Platform (6631380F-2D4D-43E0-8009-CF276956A95A): 0
LogDevObjectVersion:   Dev-Rendering (12F88B9F-8875-4AFC-A67C-D90C383ABD29): 36
LogDevObjectVersion:   Dev-Sequencer (7B5AE74C-D270-4C10-A958-57980B212A5A): 11
LogDevObjectVersion:   Dev-VR (D7296918-1DD6-4BDD-9DE2-64A83CC13884): 2
LogDevObjectVersion:   Dev-LoadTimes (C2A15278-BFE7-4AFE-6C17-90FF531DF755): 1
LogDevObjectVersion:   Private-Geometry (6EACA3D4-40EC-4CC1-B786-8BED09428FC5): 3
LogDevObjectVersion:   Dev-AnimPhys (29E575DD-E0A3-4627-9D10-D276232CDCEA): 17
LogDevObjectVersion:   Dev-Anim (AF43A65D-7FD3-4947-9873-3E8ED9C1BB05): 2
LogDevObjectVersion:   Dev-ReflectionCapture (6B266CEC-1EC7-4B8F-A30B-E4D90942FC07): 1
LogDevObjectVersion:   Dev-Automation (0DF73D61-A23F-47EA-B727-89E90C41499A): 1
LogDevObjectVersion:   FortniteMain (601D1886-AC64-4F84-AA16-D3DE0DEAC7D6): 31
LogDevObjectVersion:   Dev-Enterprise (9DFFBCD6-494F-0158-E221-12823C92A888): 8
LogDevObjectVersion:   Dev-Niagara (F2AED0AC-9AFE-416F-8664-AA7FFA26D6FC): 1
LogDevObjectVersion:   Dev-Destruction (174F1F0B-B4C6-45A5-B13F-2EE8D0FB917D): 9
LogDevObjectVersion:   Dev-Physics-Ext (35F94A83-E258-406C-A318-09F59610247C): 8
LogDevObjectVersion:   Dev-CineCamera (B2E18506-4273-CFC2-A54E-F4BB758BBA07): 1
LogInit: Presizing for max 25165824 objects, including 0 objects not considered by GC, pre-allocating 0 bytes for permanent pool.
LogInit: Object subsystem initialized
LogConfig: Setting CVar [[con.DebugEarlyDefault:1]]
LogConfig: Setting CVar [[r.setres:1280x720]]
[2020.09.10-23.55.11:532][  0]LogConfig: Setting CVar [[r.VSync:0]]
[2020.09.10-23.55.11:532][  0]LogConfig: Setting CVar [[r.RHICmdBypass:0]]
[2020.09.10-23.55.11:545][  0]LogConfig: Applying CVar settings from Section [/Script/Engine.RendererSettings] File [D:/College Classes/Year 3 - Fall/GRVR-Native-American-Village/GRVRMuseumProject/Saved/Config/Windows/Engine.ini]
[2020.09.10-23.55.11:545][  0]LogConfig: Setting CVar [[r.GPUCrashDebugging:0]]
[2020.09.10-23.55.11:545][  0]LogConfig: Applying CVar settings from Section [/Script/Engine.RendererOverrideSettings] File [D:/College Classes/Year 3 - Fall/GRVR-Native-American-Village/GRVRMuseumProject/Saved/Config/Windows/Engine.ini]
[2020.09.10-23.55.11:545][  0]LogConfig: Applying CVar settings from Section [/Script/Engine.StreamingSettings] File [D:/College Classes/Year 3 - Fall/GRVR-Native-American-Village/GRVRMuseumProject/Saved/Config/Windows/Engine.ini]
[2020.09.10-23.55.11:545][  0]LogConfig: Setting CVar [[s.MinBulkDataSizeForAsyncLoading:131072]]
[2020.09.10-23.55.11:545][  0]LogConfig: Setting CVar [[s.AsyncLoadingThreadEnabled:0]]
[2020.09.10-23.55.11:545][  0]LogConfig: Setting CVar [[s.EventDrivenLoaderEnabled:1]]
[2020.09.10-23.55.11:545][  0]LogConfig: Setting CVar [[s.WarnIfTimeLimitExceeded:0]]
[2020.09.10-23.55.11:545][  0]LogConfig: Setting CVar [[s.TimeLimitExceededMultiplier:1.5]]
[2020.09.10-23.55.11:545][  0]LogConfig: Setting CVar [[s.TimeLimitExceededMinTime:0.005]]
[2020.09.10-23.55.11:545][  0]LogConfig: Setting CVar [[s.UseBackgroundLevelStreaming:1]]
[2020.09.10-23.55.11:545][  0]LogConfig: Setting CVar [[s.PriorityAsyncLoadingExtraTime:15.0]]
[2020.09.10-23.55.11:545][  0]LogConfig: Setting CVar [[s.LevelStreamingActorsUpdateTimeLimit:5.0]]
[2020.09.10-23.55.11:545][  0]LogConfig: Setting CVar [[s.PriorityLevelStreamingActorsUpdateExtraTime:5.0]]
[2020.09.10-23.55.11:545][  0]LogConfig: Setting CVar [[s.LevelStreamingComponentsRegistrationGranularity:10]]
[2020.09.10-23.55.11:545][  0]LogConfig: Setting CVar [[s.UnregisterComponentsTimeLimit:1.0]]
[2020.09.10-23.55.11:545][  0]LogConfig: Setting CVar [[s.LevelStreamingComponentsUnregistrationGranularity:5]]
[2020.09.10-23.55.11:545][  0]LogConfig: Setting CVar [[s.FlushStreamingOnExit:1]]
[2020.09.10-23.55.11:545][  0]LogConfig: Applying CVar settings from Section [/Script/Engine.GarbageCollectionSettings] File [D:/College Classes/Year 3 - Fall/GRVR-Native-American-Village/GRVRMuseumProject/Saved/Config/Windows/Engine.ini]
[2020.09.10-23.55.11:545][  0]LogConfig: Setting CVar [[gc.MaxObjectsNotConsideredByGC:1]]
[2020.09.10-23.55.11:545][  0]LogConfig: Setting CVar [[gc.SizeOfPermanentObjectPool:0]]
[2020.09.10-23.55.11:545][  0]LogConfig: Setting CVar [[gc.FlushStreamingOnGC:0]]
[2020.09.10-23.55.11:545][  0]LogConfig: Setting CVar [[gc.NumRetriesBeforeForcingGC:10]]
[2020.09.10-23.55.11:545][  0]LogConfig: Setting CVar [[gc.AllowParallelGC:1]]
[2020.09.10-23.55.11:545][  0]LogConfig: Setting CVar [[gc.TimeBetweenPurgingPendingKillObjects:61.1]]
[2020.09.10-23.55.11:545][  0]LogConfig: Setting CVar [[gc.MaxObjectsInEditor:25165824]]
[2020.09.10-23.55.11:545][  0]LogConfig: Setting CVar [[gc.IncrementalBeginDestroyEnabled:1]]
[2020.09.10-23.55.11:545][  0]LogConfig: Setting CVar [[gc.CreateGCClusters:1]]
[2020.09.10-23.55.11:545][  0]LogConfig: Setting CVar [[gc.MinGCClusterSize:5]]
[2020.09.10-23.55.11:545][  0]LogConfig: Setting CVar [[gc.ActorClusteringEnabled:0]]
[2020.09.10-23.55.11:546][  0]LogConfig: Setting CVar [[gc.BlueprintClusteringEnabled:0]]
[2020.09.10-23.55.11:546][  0]LogConfig: Setting CVar [[gc.UseDisregardForGCOnDedicatedServers:0]]
[2020.09.10-23.55.11:546][  0]LogConfig: Applying CVar settings from Section [/Script/Engine.NetworkSettings] File [D:/College Classes/Year 3 - Fall/GRVR-Native-American-Village/GRVRMuseumProject/Saved/Config/Windows/Engine.ini]
[2020.09.10-23.55.11:546][  0]LogConfig: Applying CVar settings from Section [/Script/UnrealEd.CookerSettings] File [D:/College Classes/Year 3 - Fall/GRVR-Native-American-Village/GRVRMuseumProject/Saved/Config/Windows/Engine.ini]
[2020.09.10-23.55.11:624][  0]LogConfig: Applying CVar settings from Section [ViewDistanceQuality@3] File [D:/College Classes/Year 3 - Fall/GRVR-Native-American-Village/GRVRMuseumProject/Saved/Config/Windows/Scalability.ini]
[2020.09.10-23.55.11:624][  0]LogConfig: Setting CVar [[r.SkeletalMeshLODBias:0]]
[2020.09.10-23.55.11:624][  0]LogConfig: Setting CVar [[r.ViewDistanceScale:1.0]]
[2020.09.10-23.55.11:624][  0]LogConfig: Applying CVar settings from Section [AntiAliasingQuality@3] File [D:/College Classes/Year 3 - Fall/GRVR-Native-American-Village/GRVRMuseumProject/Saved/Config/Windows/Scalability.ini]
[2020.09.10-23.55.11:624][  0]LogConfig: Setting CVar [[r.PostProcessAAQuality:4]]
[2020.09.10-23.55.11:624][  0]LogConfig: Applying CVar settings from Section [ShadowQuality@3] File [D:/College Classes/Year 3 - Fall/GRVR-Native-American-Village/GRVRMuseumProject/Saved/Config/Windows/Scalability.ini]
[2020.09.10-23.55.11:624][  0]LogConfig: Setting CVar [[r.LightFunctionQuality:1]]
[2020.09.10-23.55.11:624][  0]LogConfig: Setting CVar [[r.ShadowQuality:5]]
[2020.09.10-23.55.11:624][  0]LogConfig: Setting CVar [[r.Shadow.CSM.MaxCascades:10]]
[2020.09.10-23.55.11:624][  0]LogConfig: Setting CVar [[r.Shadow.MaxResolution:2048]]
[2020.09.10-23.55.11:624][  0]LogConfig: Setting CVar [[r.Shadow.MaxCSMResolution:2048]]
[2020.09.10-23.55.11:624][  0]LogConfig: Setting CVar [[r.Shadow.RadiusThreshold:0.01]]
[2020.09.10-23.55.11:624][  0]LogConfig: Setting CVar [[r.Shadow.DistanceScale:1.0]]
[2020.09.10-23.55.11:624][  0]LogConfig: Setting CVar [[r.Shadow.CSM.TransitionScale:1.0]]
[2020.09.10-23.55.11:624][  0]LogConfig: Setting CVar [[r.Shadow.PreShadowResolutionFactor:1.0]]
[2020.09.10-23.55.11:624][  0]LogConfig: Setting CVar [[r.DistanceFieldShadowing:1]]
[2020.09.10-23.55.11:624][  0]LogConfig: Setting CVar [[r.DistanceFieldAO:1]]
[2020.09.10-23.55.11:624][  0]LogConfig: Setting CVar [[r.AOQuality:2]]
[2020.09.10-23.55.11:624][  0]LogConfig: Setting CVar [[r.VolumetricFog:1]]
[2020.09.10-23.55.11:624][  0]LogConfig: Setting CVar [[r.VolumetricFog.GridPixelSize:8]]
[2020.09.10-23.55.11:624][  0]LogConfig: Setting CVar [[r.VolumetricFog.GridSizeZ:128]]
[2020.09.10-23.55.11:624][  0]LogConfig: Setting CVar [[r.VolumetricFog.HistoryMissSupersampleCount:4]]
[2020.09.10-23.55.11:624][  0]LogConfig: Setting CVar [[r.LightMaxDrawDistanceScale:1]]
[2020.09.10-23.55.11:624][  0]LogConfig: Setting CVar [[r.CapsuleShadows:1]]
[2020.09.10-23.55.11:624][  0]LogConfig: Applying CVar settings from Section [PostProcessQuality@3] File [D:/College Classes/Year 3 - Fall/GRVR-Native-American-Village/GRVRMuseumProject/Saved/Config/Windows/Scalability.ini]
[2020.09.10-23.55.11:624][  0]LogConfig: Setting CVar [[r.MotionBlurQuality:4]]
[2020.09.10-23.55.11:624][  0]LogConfig: Setting CVar [[r.AmbientOcclusionMipLevelFactor:0.4]]
[2020.09.10-23.55.11:624][  0]LogConfig: Setting CVar [[r.AmbientOcclusionMaxQuality:100]]
[2020.09.10-23.55.11:624][  0]LogConfig: Setting CVar [[r.AmbientOcclusionLevels:-1]]
[2020.09.10-23.55.11:624][  0]LogConfig: Setting CVar [[r.AmbientOcclusionRadiusScale:1.0]]
[2020.09.10-23.55.11:624][  0]LogConfig: Setting CVar [[r.DepthOfFieldQuality:2]]
[2020.09.10-23.55.11:624][  0]LogConfig: Setting CVar [[r.RenderTargetPoolMin:400]]
[2020.09.10-23.55.11:624][  0]LogConfig: Setting CVar [[r.LensFlareQuality:2]]
[2020.09.10-23.55.11:624][  0]LogConfig: Setting CVar [[r.SceneColorFringeQuality:1]]
[2020.09.10-23.55.11:624][  0]LogConfig: Setting CVar [[r.EyeAdaptationQuality:2]]
[2020.09.10-23.55.11:624][  0]LogConfig: Setting CVar [[r.BloomQuality:5]]
[2020.09.10-23.55.11:624][  0]LogConfig: Setting CVar [[r.FastBlurThreshold:100]]
[2020.09.10-23.55.11:624][  0]LogConfig: Setting CVar [[r.Upscale.Quality:3]]
[2020.09.10-23.55.11:624][  0]LogConfig: Setting CVar [[r.Tonemapper.GrainQuantization:1]]
[2020.09.10-23.55.11:624][  0]LogConfig: Setting CVar [[r.LightShaftQuality:1]]
[2020.09.10-23.55.11:624][  0]LogConfig: Setting CVar [[r.Filter.SizeScale:1]]
[2020.09.10-23.55.11:624][  0]LogConfig: Setting CVar [[r.Tonemapper.Quality:5]]
[2020.09.10-23.55.11:624][  0]LogConfig: Setting CVar [[r.DOF.Gather.AccumulatorQuality:1        ; higher gathering accumulator quality]]
[2020.09.10-23.55.11:624][  0]LogConfig: Setting CVar [[r.DOF.Gather.PostfilterMethod:1          ; Median3x3 postfilering method]]
[2020.09.10-23.55.11:624][  0]LogConfig: Setting CVar [[r.DOF.Gather.EnableBokehSettings:0       ; no bokeh simulation when gathering]]
[2020.09.10-23.55.11:624][  0]LogConfig: Setting CVar [[r.DOF.Gather.RingCount:4                 ; medium number of samples when gathering]]
[2020.09.10-23.55.11:624][  0]LogConfig: Setting CVar [[r.DOF.Scatter.ForegroundCompositing:1    ; additive foreground scattering]]
[2020.09.10-23.55.11:624][  0]LogConfig: Setting CVar [[r.DOF.Scatter.BackgroundCompositing:2    ; additive background scattering]]
[2020.09.10-23.55.11:624][  0]LogConfig: Setting CVar [[r.DOF.Scatter.EnableBokehSettings:1      ; bokeh simulation when scattering]]
[2020.09.10-23.55.11:625][  0]LogConfig: Setting CVar [[r.DOF.Scatter.MaxSpriteRatio:0.1         ; only a maximum of 10% of scattered bokeh]]
[2020.09.10-23.55.11:625][  0]LogConfig: Setting CVar [[r.DOF.Recombine.Quality:1                ; cheap slight out of focus]]
[2020.09.10-23.55.11:625][  0]LogConfig: Setting CVar [[r.DOF.Recombine.EnableBokehSettings:0    ; no bokeh simulation on slight out of focus]]
[2020.09.10-23.55.11:625][  0]LogConfig: Setting CVar [[r.DOF.TemporalAAQuality:1                ; more stable temporal accumulation]]
[2020.09.10-23.55.11:625][  0]LogConfig: Setting CVar [[r.DOF.Kernel.MaxForegroundRadius:0.025]]
[2020.09.10-23.55.11:625][  0]LogConfig: Setting CVar [[r.DOF.Kernel.MaxBackgroundRadius:0.025]]
[2020.09.10-23.55.11:625][  0]LogConfig: Applying CVar settings from Section [TextureQuality@3] File [D:/College Classes/Year 3 - Fall/GRVR-Native-American-Village/GRVRMuseumProject/Saved/Config/Windows/Scalability.ini]
[2020.09.10-23.55.11:625][  0]LogConfig: Setting CVar [[r.Streaming.MipBias:0]]
[2020.09.10-23.55.11:625][  0]LogConfig: Setting CVar [[r.Streaming.AmortizeCPUToGPUCopy:0]]
[2020.09.10-23.55.11:625][  0]LogConfig: Setting CVar [[r.Streaming.MaxNumTexturesToStreamPerFrame:0]]
[2020.09.10-23.55.11:625][  0]LogConfig: Setting CVar [[r.Streaming.Boost:1]]
[2020.09.10-23.55.11:625][  0]LogConfig: Setting CVar [[r.MaxAnisotropy:8]]
[2020.09.10-23.55.11:625][  0]LogConfig: Setting CVar [[r.VT.MaxAnisotropy:8]]
[2020.09.10-23.55.11:625][  0]LogConfig: Setting CVar [[r.Streaming.LimitPoolSizeToVRAM:0]]
[2020.09.10-23.55.11:625][  0]LogConfig: Setting CVar [[r.Streaming.PoolSize:1000]]
[2020.09.10-23.55.11:625][  0]LogConfig: Setting CVar [[r.Streaming.MaxEffectiveScreenSize:0]]
[2020.09.10-23.55.11:625][  0]LogConfig: Applying CVar settings from Section [EffectsQuality@3] File [D:/College Classes/Year 3 - Fall/GRVR-Native-American-Village/GRVRMuseumProject/Saved/Config/Windows/Scalability.ini]
[2020.09.10-23.55.11:625][  0]LogConfig: Setting CVar [[r.TranslucencyLightingVolumeDim:64]]
[2020.09.10-23.55.11:625][  0]LogConfig: Setting CVar [[r.RefractionQuality:2]]
[2020.09.10-23.55.11:625][  0]LogConfig: Setting CVar [[r.SSR.Quality:3]]
[2020.09.10-23.55.11:625][  0]LogConfig: Setting CVar [[r.SSR.HalfResSceneColor:0]]
[2020.09.10-23.55.11:625][  0]LogConfig: Setting CVar [[r.SceneColorFormat:4]]
[2020.09.10-23.55.11:625][  0]LogConfig: Setting CVar [[r.DetailMode:2]]
[2020.09.10-23.55.11:625][  0]LogConfig: Setting CVar [[r.TranslucencyVolumeBlur:1]]
[2020.09.10-23.55.11:625][  0]LogConfig: Setting CVar [[r.MaterialQualityLevel:1 ; High quality]]
[2020.09.10-23.55.11:625][  0]LogConfig: Setting CVar [[r.SSS.Scale:1]]
[2020.09.10-23.55.11:625][  0]LogConfig: Setting CVar [[r.SSS.SampleSet:2]]
[2020.09.10-23.55.11:625][  0]LogConfig: Setting CVar [[r.SSS.Quality:1]]
[2020.09.10-23.55.11:625][  0]LogConfig: Setting CVar [[r.SSS.HalfRes:1]]
[2020.09.10-23.55.11:625][  0]LogConfig: Setting CVar [[r.SSGI.Quality:3]]
[2020.09.10-23.55.11:625][  0]LogConfig: Setting CVar [[r.EmitterSpawnRateScale:1.0]]
[2020.09.10-23.55.11:625][  0]LogConfig: Setting CVar [[r.ParticleLightQuality:2]]
[2020.09.10-23.55.11:625][  0]LogConfig: Setting CVar [[r.SkyAtmosphere.AerialPerspectiveLUT.FastApplyOnOpaque:1 ; Always have FastSkyLUT 1 in this case to avoid wrong sky]]
[2020.09.10-23.55.11:625][  0]LogConfig: Setting CVar [[r.SkyAtmosphere.AerialPerspectiveLUT.SampleCountPerSlice:1]]
[2020.09.10-23.55.11:625][  0]LogConfig: Setting CVar [[r.SkyAtmosphere.AerialPerspectiveLUT.DepthResolution:16.0]]
[2020.09.10-23.55.11:625][  0]LogConfig: Setting CVar [[r.SkyAtmosphere.FastSkyLUT:1]]
[2020.09.10-23.55.11:625][  0]LogConfig: Setting CVar [[r.SkyAtmosphere.FastSkyLUT.SampleCountMin:4.0]]
[2020.09.10-23.55.11:625][  0]LogConfig: Setting CVar [[r.SkyAtmosphere.FastSkyLUT.SampleCountMax:32.0]]
[2020.09.10-23.55.11:625][  0]LogConfig: Setting CVar [[r.SkyAtmosphere.SampleCountMin:4.0]]
[2020.09.10-23.55.11:625][  0]LogConfig: Setting CVar [[r.SkyAtmosphere.SampleCountMax:32.0]]
[2020.09.10-23.55.11:625][  0]LogConfig: Setting CVar [[r.SkyAtmosphere.TransmittanceLUT.UseSmallFormat:0]]
[2020.09.10-23.55.11:625][  0]LogConfig: Setting CVar [[r.SkyAtmosphere.TransmittanceLUT.SampleCount:10.0]]
[2020.09.10-23.55.11:625][  0]LogConfig: Setting CVar [[r.SkyAtmosphere.MultiScatteringLUT.SampleCount:15.0]]
[2020.09.10-23.55.11:625][  0]LogConfig: Applying CVar settings from Section [FoliageQuality@3] File [D:/College Classes/Year 3 - Fall/GRVR-Native-American-Village/GRVRMuseumProject/Saved/Config/Windows/Scalability.ini]
[2020.09.10-23.55.11:625][  0]LogConfig: Setting CVar [[foliage.DensityScale:1.0]]
[2020.09.10-23.55.11:625][  0]LogConfig: Setting CVar [[grass.DensityScale:1.0]]
[2020.09.10-23.55.11:625][  0]LogConfig: Applying CVar settings from Section [ShadingQuality@3] File [D:/College Classes/Year 3 - Fall/GRVR-Native-American-Village/GRVRMuseumProject/Saved/Config/Windows/Scalability.ini]
[2020.09.10-23.55.11:625][  0]LogConfig: Setting CVar [[r.HairStrands.SkyLighting.SampleCount:16]]
[2020.09.10-23.55.11:625][  0]LogConfig: Setting CVar [[r.HairStrands.SkyLighting.JitterIntegration:0]]
[2020.09.10-23.55.11:625][  0]LogConfig: Setting CVar [[r.HairStrands.SkyAO.SampleCount:16]]
[2020.09.10-23.55.11:632][  0]LogInit: Selected Device Profile: [Windows]
[2020.09.10-23.55.11:632][  0]LogInit: Applying CVar settings loaded from the selected device profile: [Windows]
[2020.09.10-23.55.11:671][  0]LogHAL: Display: Platform has ~ 16 GB [17049817088 / 17179869184 / 16], which maps to Larger [LargestMinGB=32, LargerMinGB=12, DefaultMinGB=8, SmallerMinGB=6, SmallestMinGB=0)
[2020.09.10-23.55.11:671][  0]LogInit: Going up to parent DeviceProfile []
[2020.09.10-23.55.11:671][  0]LogConfig: Applying CVar settings from Section [ViewDistanceQuality@3] File [D:/College Classes/Year 3 - Fall/GRVR-Native-American-Village/GRVRMuseumProject/Saved/Config/Windows/Scalability.ini]
[2020.09.10-23.55.11:671][  0]LogConfig: Setting CVar [[r.SkeletalMeshLODBias:0]]
[2020.09.10-23.55.11:671][  0]LogConfig: Setting CVar [[r.ViewDistanceScale:1.0]]
[2020.09.10-23.55.11:671][  0]LogConfig: Applying CVar settings from Section [AntiAliasingQuality@3] File [D:/College Classes/Year 3 - Fall/GRVR-Native-American-Village/GRVRMuseumProject/Saved/Config/Windows/Scalability.ini]
[2020.09.10-23.55.11:671][  0]LogConfig: Setting CVar [[r.PostProcessAAQuality:4]]
[2020.09.10-23.55.11:671][  0]LogConfig: Applying CVar settings from Section [ShadowQuality@3] File [D:/College Classes/Year 3 - Fall/GRVR-Native-American-Village/GRVRMuseumProject/Saved/Config/Windows/Scalability.ini]
[2020.09.10-23.55.11:671][  0]LogConfig: Setting CVar [[r.LightFunctionQuality:1]]
[2020.09.10-23.55.11:671][  0]LogConfig: Setting CVar [[r.ShadowQuality:5]]
[2020.09.10-23.55.11:671][  0]LogConfig: Setting CVar [[r.Shadow.CSM.MaxCascades:10]]
[2020.09.10-23.55.11:671][  0]LogConfig: Setting CVar [[r.Shadow.MaxResolution:2048]]
[2020.09.10-23.55.11:671][  0]LogConfig: Setting CVar [[r.Shadow.MaxCSMResolution:2048]]
[2020.09.10-23.55.11:671][  0]LogConfig: Setting CVar [[r.Shadow.RadiusThreshold:0.01]]
[2020.09.10-23.55.11:671][  0]LogConfig: Setting CVar [[r.Shadow.DistanceScale:1.0]]
[2020.09.10-23.55.11:671][  0]LogConfig: Setting CVar [[r.Shadow.CSM.TransitionScale:1.0]]
[2020.09.10-23.55.11:671][  0]LogConfig: Setting CVar [[r.Shadow.PreShadowResolutionFactor:1.0]]
[2020.09.10-23.55.11:671][  0]LogConfig: Setting CVar [[r.DistanceFieldShadowing:1]]
[2020.09.10-23.55.11:671][  0]LogConfig: Setting CVar [[r.DistanceFieldAO:1]]
[2020.09.10-23.55.11:671][  0]LogConfig: Setting CVar [[r.AOQuality:2]]
[2020.09.10-23.55.11:671][  0]LogConfig: Setting CVar [[r.VolumetricFog:1]]
[2020.09.10-23.55.11:671][  0]LogConfig: Setting CVar [[r.VolumetricFog.GridPixelSize:8]]
[2020.09.10-23.55.11:671][  0]LogConfig: Setting CVar [[r.VolumetricFog.GridSizeZ:128]]
[2020.09.10-23.55.11:671][  0]LogConfig: Setting CVar [[r.VolumetricFog.HistoryMissSupersampleCount:4]]
[2020.09.10-23.55.11:671][  0]LogConfig: Setting CVar [[r.LightMaxDrawDistanceScale:1]]
[2020.09.10-23.55.11:671][  0]LogConfig: Setting CVar [[r.CapsuleShadows:1]]
[2020.09.10-23.55.11:671][  0]LogConfig: Applying CVar settings from Section [PostProcessQuality@3] File [D:/College Classes/Year 3 - Fall/GRVR-Native-American-Village/GRVRMuseumProject/Saved/Config/Windows/Scalability.ini]
[2020.09.10-23.55.11:672][  0]LogConfig: Setting CVar [[r.MotionBlurQuality:4]]
[2020.09.10-23.55.11:672][  0]LogConfig: Setting CVar [[r.AmbientOcclusionMipLevelFactor:0.4]]
[2020.09.10-23.55.11:672][  0]LogConfig: Setting CVar [[r.AmbientOcclusionMaxQuality:100]]
[2020.09.10-23.55.11:672][  0]LogConfig: Setting CVar [[r.AmbientOcclusionLevels:-1]]
[2020.09.10-23.55.11:672][  0]LogConfig: Setting CVar [[r.AmbientOcclusionRadiusScale:1.0]]
[2020.09.10-23.55.11:672][  0]LogConfig: Setting CVar [[r.DepthOfFieldQuality:2]]
[2020.09.10-23.55.11:672][  0]LogConfig: Setting CVar [[r.RenderTargetPoolMin:400]]
[2020.09.10-23.55.11:672][  0]LogConfig: Setting CVar [[r.LensFlareQuality:2]]
[2020.09.10-23.55.11:672][  0]LogConfig: Setting CVar [[r.SceneColorFringeQuality:1]]
[2020.09.10-23.55.11:672][  0]LogConfig: Setting CVar [[r.EyeAdaptationQuality:2]]
[2020.09.10-23.55.11:672][  0]LogConfig: Setting CVar [[r.BloomQuality:5]]
[2020.09.10-23.55.11:672][  0]LogConfig: Setting CVar [[r.FastBlurThreshold:100]]
[2020.09.10-23.55.11:672][  0]LogConfig: Setting CVar [[r.Upscale.Quality:3]]
[2020.09.10-23.55.11:672][  0]LogConfig: Setting CVar [[r.Tonemapper.GrainQuantization:1]]
[2020.09.10-23.55.11:672][  0]LogConfig: Setting CVar [[r.LightShaftQuality:1]]
[2020.09.10-23.55.11:672][  0]LogConfig: Setting CVar [[r.Filter.SizeScale:1]]
[2020.09.10-23.55.11:672][  0]LogConfig: Setting CVar [[r.Tonemapper.Quality:5]]
[2020.09.10-23.55.11:672][  0]LogConfig: Setting CVar [[r.DOF.Gather.AccumulatorQuality:1        ; higher gathering accumulator quality]]
[2020.09.10-23.55.11:672][  0]LogConfig: Setting CVar [[r.DOF.Gather.PostfilterMethod:1          ; Median3x3 postfilering method]]
[2020.09.10-23.55.11:672][  0]LogConfig: Setting CVar [[r.DOF.Gather.EnableBokehSettings:0       ; no bokeh simulation when gathering]]
[2020.09.10-23.55.11:672][  0]LogConfig: Setting CVar [[r.DOF.Gather.RingCount:4                 ; medium number of samples when gathering]]
[2020.09.10-23.55.11:672][  0]LogConfig: Setting CVar [[r.DOF.Scatter.ForegroundCompositing:1    ; additive foreground scattering]]
[2020.09.10-23.55.11:672][  0]LogConfig: Setting CVar [[r.DOF.Scatter.BackgroundCompositing:2    ; additive background scattering]]
[2020.09.10-23.55.11:672][  0]LogConfig: Setting CVar [[r.DOF.Scatter.EnableBokehSettings:1      ; bokeh simulation when scattering]]
[2020.09.10-23.55.11:672][  0]LogConfig: Setting CVar [[r.DOF.Scatter.MaxSpriteRatio:0.1         ; only a maximum of 10% of scattered bokeh]]
[2020.09.10-23.55.11:672][  0]LogConfig: Setting CVar [[r.DOF.Recombine.Quality:1                ; cheap slight out of focus]]
[2020.09.10-23.55.11:672][  0]LogConfig: Setting CVar [[r.DOF.Recombine.EnableBokehSettings:0    ; no bokeh simulation on slight out of focus]]
[2020.09.10-23.55.11:672][  0]LogConfig: Setting CVar [[r.DOF.TemporalAAQuality:1                ; more stable temporal accumulation]]
[2020.09.10-23.55.11:672][  0]LogConfig: Setting CVar [[r.DOF.Kernel.MaxForegroundRadius:0.025]]
[2020.09.10-23.55.11:672][  0]LogConfig: Setting CVar [[r.DOF.Kernel.MaxBackgroundRadius:0.025]]
[2020.09.10-23.55.11:672][  0]LogConfig: Applying CVar settings from Section [TextureQuality@3] File [D:/College Classes/Year 3 - Fall/GRVR-Native-American-Village/GRVRMuseumProject/Saved/Config/Windows/Scalability.ini]
[2020.09.10-23.55.11:672][  0]LogConfig: Setting CVar [[r.Streaming.MipBias:0]]
[2020.09.10-23.55.11:672][  0]LogConfig: Setting CVar [[r.Streaming.AmortizeCPUToGPUCopy:0]]
[2020.09.10-23.55.11:672][  0]LogConfig: Setting CVar [[r.Streaming.MaxNumTexturesToStreamPerFrame:0]]
[2020.09.10-23.55.11:672][  0]LogConfig: Setting CVar [[r.Streaming.Boost:1]]
[2020.09.10-23.55.11:672][  0]LogConfig: Setting CVar [[r.MaxAnisotropy:8]]
[2020.09.10-23.55.11:672][  0]LogConfig: Setting CVar [[r.VT.MaxAnisotropy:8]]
[2020.09.10-23.55.11:672][  0]LogConfig: Setting CVar [[r.Streaming.LimitPoolSizeToVRAM:0]]
[2020.09.10-23.55.11:672][  0]LogConfig: Setting CVar [[r.Streaming.PoolSize:1000]]
[2020.09.10-23.55.11:672][  0]LogConfig: Setting CVar [[r.Streaming.MaxEffectiveScreenSize:0]]
[2020.09.10-23.55.11:672][  0]LogConfig: Applying CVar settings from Section [EffectsQuality@3] File [D:/College Classes/Year 3 - Fall/GRVR-Native-American-Village/GRVRMuseumProject/Saved/Config/Windows/Scalability.ini]
[2020.09.10-23.55.11:672][  0]LogConfig: Setting CVar [[r.TranslucencyLightingVolumeDim:64]]
[2020.09.10-23.55.11:672][  0]LogConfig: Setting CVar [[r.RefractionQuality:2]]
[2020.09.10-23.55.11:672][  0]LogConfig: Setting CVar [[r.SSR.Quality:3]]
[2020.09.10-23.55.11:672][  0]LogConfig: Setting CVar [[r.SSR.HalfResSceneColor:0]]
[2020.09.10-23.55.11:672][  0]LogConfig: Setting CVar [[r.SceneColorFormat:4]]
[2020.09.10-23.55.11:672][  0]LogConfig: Setting CVar [[r.DetailMode:2]]
[2020.09.10-23.55.11:672][  0]LogConfig: Setting CVar [[r.TranslucencyVolumeBlur:1]]
[2020.09.10-23.55.11:672][  0]LogConfig: Setting CVar [[r.MaterialQualityLevel:1 ; High quality]]
[2020.09.10-23.55.11:672][  0]LogConfig: Setting CVar [[r.SSS.Scale:1]]
[2020.09.10-23.55.11:672][  0]LogConfig: Setting CVar [[r.SSS.SampleSet:2]]
[2020.09.10-23.55.11:672][  0]LogConfig: Setting CVar [[r.SSS.Quality:1]]
[2020.09.10-23.55.11:672][  0]LogConfig: Setting CVar [[r.SSS.HalfRes:1]]
[2020.09.10-23.55.11:672][  0]LogConfig: Setting CVar [[r.SSGI.Quality:3]]
[2020.09.10-23.55.11:672][  0]LogConfig: Setting CVar [[r.EmitterSpawnRateScale:1.0]]
[2020.09.10-23.55.11:672][  0]LogConfig: Setting CVar [[r.ParticleLightQuality:2]]
[2020.09.10-23.55.11:672][  0]LogConfig: Setting CVar [[r.SkyAtmosphere.AerialPerspectiveLUT.FastApplyOnOpaque:1 ; Always have FastSkyLUT 1 in this case to avoid wrong sky]]
[2020.09.10-23.55.11:672][  0]LogConfig: Setting CVar [[r.SkyAtmosphere.AerialPerspectiveLUT.SampleCountPerSlice:1]]
[2020.09.10-23.55.11:672][  0]LogConfig: Setting CVar [[r.SkyAtmosphere.AerialPerspectiveLUT.DepthResolution:16.0]]
[2020.09.10-23.55.11:672][  0]LogConfig: Setting CVar [[r.SkyAtmosphere.FastSkyLUT:1]]
[2020.09.10-23.55.11:672][  0]LogConfig: Setting CVar [[r.SkyAtmosphere.FastSkyLUT.SampleCountMin:4.0]]
[2020.09.10-23.55.11:672][  0]LogConfig: Setting CVar [[r.SkyAtmosphere.FastSkyLUT.SampleCountMax:32.0]]
[2020.09.10-23.55.11:672][  0]LogConfig: Setting CVar [[r.SkyAtmosphere.SampleCountMin:4.0]]
[2020.09.10-23.55.11:672][  0]LogConfig: Setting CVar [[r.SkyAtmosphere.SampleCountMax:32.0]]
[2020.09.10-23.55.11:672][  0]LogConfig: Setting CVar [[r.SkyAtmosphere.TransmittanceLUT.UseSmallFormat:0]]
[2020.09.10-23.55.11:672][  0]LogConfig: Setting CVar [[r.SkyAtmosphere.TransmittanceLUT.SampleCount:10.0]]
[2020.09.10-23.55.11:672][  0]LogConfig: Setting CVar [[r.SkyAtmosphere.MultiScatteringLUT.SampleCount:15.0]]
[2020.09.10-23.55.11:672][  0]LogConfig: Applying CVar settings from Section [FoliageQuality@3] File [D:/College Classes/Year 3 - Fall/GRVR-Native-American-Village/GRVRMuseumProject/Saved/Config/Windows/Scalability.ini]
[2020.09.10-23.55.11:672][  0]LogConfig: Setting CVar [[foliage.DensityScale:1.0]]
[2020.09.10-23.55.11:672][  0]LogConfig: Setting CVar [[grass.DensityScale:1.0]]
[2020.09.10-23.55.11:672][  0]LogConfig: Applying CVar settings from Section [ShadingQuality@3] File [D:/College Classes/Year 3 - Fall/GRVR-Native-American-Village/GRVRMuseumProject/Saved/Config/Windows/Scalability.ini]
[2020.09.10-23.55.11:672][  0]LogConfig: Setting CVar [[r.HairStrands.SkyLighting.SampleCount:16]]
[2020.09.10-23.55.11:672][  0]LogConfig: Setting CVar [[r.HairStrands.SkyLighting.JitterIntegration:0]]
[2020.09.10-23.55.11:672][  0]LogConfig: Setting CVar [[r.HairStrands.SkyAO.SampleCount:16]]
[2020.09.10-23.55.11:673][  0]LogConfig: Applying CVar settings from Section [Startup] File [../../../Engine/Config/ConsoleVariables.ini]
[2020.09.10-23.55.11:682][  0]LogConfig: Setting CVar [[net.UseAdaptiveNetUpdateFrequency:0]]
[2020.09.10-23.55.11:682][  0]LogConfig: Setting CVar [[p.chaos.AllowCreatePhysxBodies:1]]
[2020.09.10-23.55.11:682][  0]LogConfig: Applying CVar settings from Section [ConsoleVariables] File [D:/College Classes/Year 3 - Fall/GRVR-Native-American-Village/GRVRMuseumProject/Saved/Config/Windows/Engine.ini]
[2020.09.10-23.55.11:698][  0]LogInit: Computer: OMEN
[2020.09.10-23.55.11:698][  0]LogInit: User: jayle
[2020.09.10-23.55.11:698][  0]LogInit: CPU Page size=4096, Cores=6
[2020.09.10-23.55.11:698][  0]LogInit: High frequency timer resolution =10.000000 MHz
[2020.09.10-23.55.11:698][  0]LogMemory: Memory total: Physical=15.9GB (16GB approx)
[2020.09.10-23.55.11:698][  0]LogMemory: Platform Memory Stats for Windows
[2020.09.10-23.55.11:698][  0]LogMemory: Process Physical Memory: 110.32 MB used, 110.33 MB peak
[2020.09.10-23.55.11:698][  0]LogMemory: Process Virtual Memory: 104.11 MB used, 104.11 MB peak
[2020.09.10-23.55.11:698][  0]LogMemory: Physical Memory: 9468.45 MB used,  6791.52 MB free, 16259.97 MB total
[2020.09.10-23.55.11:698][  0]LogMemory: Virtual Memory: 5136.24 MB used,  134212592.00 MB free, 134217728.00 MB total
[2020.09.10-23.55.11:705][  0]LogWindows: WindowsPlatformFeatures enabled
[2020.09.10-23.55.12:903][  0]LogInit: Using OS detected language (en-US).
[2020.09.10-23.55.12:903][  0]LogInit: Using OS detected locale (en-US).
[2020.09.10-23.55.12:905][  0]LogTextLocalizationManager: No specific localization for 'en-US' exists, so the 'en' localization will be used.
[2020.09.10-23.55.13:586][  0]LogInit: Setting process to per monitor DPI aware
[2020.09.10-23.55.14:301][  0]LogSlate: New Slate User Created.  User Index 0, Is Virtual User: 0
[2020.09.10-23.55.14:301][  0]LogSlate: Slate User Registered.  User Index 0, Is Virtual User: 0
[2020.09.10-23.55.15:210][  0]LogHMD: Failed to initialize OpenVR with code 110
[2020.09.10-23.55.15:210][  0]LogD3D11RHI: D3D11 min allowed feature level: 11_0
[2020.09.10-23.55.15:210][  0]LogD3D11RHI: D3D11 max allowed feature level: 11_0
[2020.09.10-23.55.15:210][  0]LogD3D11RHI: D3D11 adapters:
[2020.09.10-23.55.15:292][  0]LogD3D11RHI:    0. 'NVIDIA GeForce GTX 1060' (Feature Level 11_0)
[2020.09.10-23.55.15:292][  0]LogD3D11RHI:       6052/0/8129 MB DedicatedVideo/DedicatedSystem/SharedSystem, Outputs:2, VendorId:0x10de
[2020.09.10-23.55.15:296][  0]LogD3D11RHI:    1. 'Microsoft Basic Render Driver' (Feature Level 11_0)
[2020.09.10-23.55.15:296][  0]LogD3D11RHI:       0/0/8129 MB DedicatedVideo/DedicatedSystem/SharedSystem, Outputs:0, VendorId:0x1414
[2020.09.10-23.55.15:296][  0]LogD3D11RHI: Chosen D3D11 Adapter: 0
[2020.09.10-23.55.15:347][  0]LogD3D11RHI: Creating new Direct3DDevice
[2020.09.10-23.55.15:348][  0]LogD3D11RHI:     GPU DeviceId: 0x1c20 (for the marketing name, search the web for "GPU Device Id")
[2020.09.10-23.55.15:348][  0]LogWindows: EnumDisplayDevices:
[2020.09.10-23.55.15:348][  0]LogWindows:    0. 'NVIDIA GeForce GTX 1060' (P:1 D:1)
[2020.09.10-23.55.15:365][  0]LogWindows:    1. 'NVIDIA GeForce GTX 1060' (P:0 D:1)
[2020.09.10-23.55.15:367][  0]LogWindows:    2. 'NVIDIA GeForce GTX 1060' (P:0 D:0)
[2020.09.10-23.55.15:368][  0]LogWindows:    3. 'NVIDIA GeForce GTX 1060' (P:0 D:0)
[2020.09.10-23.55.15:369][  0]LogWindows: DebugString: FoundDriverCount:4 
[2020.09.10-23.55.15:369][  0]LogD3D11RHI:     Adapter Name: NVIDIA GeForce GTX 1060
[2020.09.10-23.55.15:370][  0]LogD3D11RHI:   Driver Version: 452.06 (internal:27.21.14.5206, unified:452.06)
[2020.09.10-23.55.15:370][  0]LogD3D11RHI:      Driver Date: 8-12-2020
[2020.09.10-23.55.15:370][  0]LogRHI: Texture pool is 4236 MB (70% of 6052 MB)
[2020.09.10-23.55.15:436][  0]LogD3D11RHI: RHI has support for 64 bit atomics
[2020.09.10-23.55.15:437][  0]LogD3D11RHI: Async texture creation enabled
[2020.09.10-23.55.15:884][  0]LogD3D11RHI: GPU Timing Frequency: 1000.000000 (Debug: 2 1)
[2020.09.10-23.55.17:419][  0]LogTargetPlatformManager: Display: Loaded TargetPlatform 'AllDesktop'
[2020.09.10-23.55.17:522][  0]LogTargetPlatformManager: Display: Loaded TargetPlatform 'Android'
[2020.09.10-23.55.17:522][  0]LogTargetPlatformManager: Display: Loaded TargetPlatform 'Android_ASTC'
[2020.09.10-23.55.17:522][  0]LogTargetPlatformManager: Display: Loaded TargetPlatform 'Android_ATC'
[2020.09.10-23.55.17:522][  0]LogTargetPlatformManager: Display: Loaded TargetPlatform 'Android_DXT'
[2020.09.10-23.55.17:522][  0]LogTargetPlatformManager: Display: Loaded TargetPlatform 'Android_ETC1'
[2020.09.10-23.55.17:522][  0]LogTargetPlatformManager: Display: Loaded TargetPlatform 'Android_ETC1a'
[2020.09.10-23.55.17:522][  0]LogTargetPlatformManager: Display: Loaded TargetPlatform 'Android_ETC2'
[2020.09.10-23.55.17:522][  0]LogTargetPlatformManager: Display: Loaded TargetPlatform 'Android_PVRTC'
[2020.09.10-23.55.17:523][  0]LogTargetPlatformManager: Display: Loaded TargetPlatform 'AndroidClient'
[2020.09.10-23.55.17:523][  0]LogTargetPlatformManager: Display: Loaded TargetPlatform 'Android_ASTCClient'
[2020.09.10-23.55.17:523][  0]LogTargetPlatformManager: Display: Loaded TargetPlatform 'Android_ATCClient'
[2020.09.10-23.55.17:523][  0]LogTargetPlatformManager: Display: Loaded TargetPlatform 'Android_DXTClient'
[2020.09.10-23.55.17:523][  0]LogTargetPlatformManager: Display: Loaded TargetPlatform 'Android_ETC1Client'
[2020.09.10-23.55.17:523][  0]LogTargetPlatformManager: Display: Loaded TargetPlatform 'Android_ETC1aClient'
[2020.09.10-23.55.17:523][  0]LogTargetPlatformManager: Display: Loaded TargetPlatform 'Android_ETC2Client'
[2020.09.10-23.55.17:523][  0]LogTargetPlatformManager: Display: Loaded TargetPlatform 'Android_PVRTCClient'
[2020.09.10-23.55.17:523][  0]LogTargetPlatformManager: Display: Loaded TargetPlatform 'Android_Multi'
[2020.09.10-23.55.17:523][  0]LogTargetPlatformManager: Display: Loaded TargetPlatform 'Android_MultiClient'
[2020.09.10-23.55.17:620][  0]LogTargetPlatformManager: Display: Loaded TargetPlatform 'IOSClient'
[2020.09.10-23.55.17:620][  0]LogTargetPlatformManager: Display: Loaded TargetPlatform 'IOS'
[2020.09.10-23.55.17:648][  0]LogTargetPlatformManager: Display: Loaded TargetPlatform 'LinuxNoEditor'
[2020.09.10-23.55.17:674][  0]LogTargetPlatformManager: Display: Loaded TargetPlatform 'LinuxClient'
[2020.09.10-23.55.17:691][  0]LogTargetPlatformManager: Display: Loaded TargetPlatform 'LinuxServer'
[2020.09.10-23.55.17:708][  0]LogTargetPlatformManager: Display: Loaded TargetPlatform 'LinuxAArch64NoEditor'
[2020.09.10-23.55.17:727][  0]LogTargetPlatformManager: Display: Loaded TargetPlatform 'LinuxAArch64Client'
[2020.09.10-23.55.17:746][  0]LogTargetPlatformManager: Display: Loaded TargetPlatform 'LinuxAArch64Server'
[2020.09.10-23.55.17:819][  0]LogTargetPlatformManager: Display: Loaded TargetPlatform 'Lumin'
[2020.09.10-23.55.17:819][  0]LogTargetPlatformManager: Display: Loaded TargetPlatform 'LuminClient'
[2020.09.10-23.55.17:845][  0]LogTargetPlatformManager: Display: Loaded TargetPlatform 'TVOSClient'
[2020.09.10-23.55.17:845][  0]LogTargetPlatformManager: Display: Loaded TargetPlatform 'TVOS'
[2020.09.10-23.55.17:873][  0]LogTargetPlatformManager: Display: Loaded TargetPlatform 'WindowsNoEditor'
[2020.09.10-23.55.17:912][  0]LogTargetPlatformManager: Display: Loaded TargetPlatform 'Windows'
[2020.09.10-23.55.17:934][  0]LogTargetPlatformManager: Display: Loaded TargetPlatform 'WindowsClient'
[2020.09.10-23.55.17:950][  0]LogTargetPlatformManager: Display: Loaded TargetPlatform 'WindowsServer'
[2020.09.10-23.55.17:950][  0]LogTargetPlatformManager: Display: Building Assets For Windows
[2020.09.10-23.55.18:140][  0]LogAudioDebug: Display: Lib vorbis DLL was dynamically loaded.
[2020.09.10-23.55.19:132][  0]LogShaderCompilers: Guid format shader working directory is -46 characters bigger than the processId version (../../../../../College Classes/Year 3 - Fall/GRVR-Native-American-Village/GRVRMuseumProject/Intermediate/Shaders/WorkingDirectory/20552/).
[2020.09.10-23.55.19:132][  0]LogShaderCompilers: Cleaned the shader compiler working directory 'C:/Users/jayle/AppData/Local/Temp/UnrealShaderWorkingDir/3CC1EDF048ED25C20B6061A9B883EB64/'.
[2020.09.10-23.55.19:158][  0]LogXGEController: Cleaning working directory: C:/Users/jayle/AppData/Local/Temp/UnrealXGEWorkingDir/
[2020.09.10-23.55.19:159][  0]LogXGEController: Cannot use XGE Controller as Incredibuild is not installed on this machine.
[2020.09.10-23.55.19:159][  0]LogShaderCompilers: Cannot use XGE Shader Compiler as Incredibuild is not installed on this machine.
[2020.09.10-23.55.19:159][  0]LogShaderCompilers: Display: Using Local Shader Compiler.
[2020.09.10-23.55.22:110][  0]LogDerivedDataCache: Display: Max Cache Size: 512 MB
[2020.09.10-23.55.22:110][  0]LogDerivedDataCache: Display: Starting with empty Boot cache
[2020.09.10-23.55.22:110][  0]LogDerivedDataCache: FDerivedDataBackendGraph:  Pak pak cache file ../../../../../College Classes/Year 3 - Fall/GRVR-Native-American-Village/GRVRMuseumProject/DerivedDataCache/DDC.ddp not found, will not use a pak cache.
[2020.09.10-23.55.22:110][  0]LogDerivedDataCache: Unable to find inner node Pak for hierarchical cache Hierarchy.
[2020.09.10-23.55.22:111][  0]LogDerivedDataCache: FDerivedDataBackendGraph:  CompressedPak pak cache file ../../../../../College Classes/Year 3 - Fall/GRVR-Native-American-Village/GRVRMuseumProject/DerivedDataCache/Compressed.ddp not found, will not use a pak cache.
[2020.09.10-23.55.22:111][  0]LogDerivedDataCache: Unable to find inner node CompressedPak for hierarchical cache Hierarchy.
[2020.09.10-23.55.22:209][  0]LogDerivedDataCache: Display: Pak cache opened for reading ../../../Engine/DerivedDataCache/Compressed.ddp.
[2020.09.10-23.55.22:209][  0]LogDerivedDataCache: FDerivedDataBackendGraph:  EnterprisePak pak cache file ../../../Enterprise/DerivedDataCache/Compressed.ddp not found, will not use a pak cache.
[2020.09.10-23.55.22:209][  0]LogDerivedDataCache: Unable to find inner node EnterprisePak for hierarchical cache Hierarchy.
[2020.09.10-23.55.22:219][  0]LogDerivedDataCache: Using Local data cache path C:/Users/jayle/AppData/Local/UnrealEngine/Common/DerivedDataCache: Writable
[2020.09.10-23.55.22:219][  0]LogDerivedDataCache: Shared data cache path not found in *engine.ini, will not use an Shared cache.
[2020.09.10-23.55.22:219][  0]LogDerivedDataCache: Unable to find inner node Shared for hierarchical cache Hierarchy.
[2020.09.10-23.55.23:017][  0]LogMaterial: Verifying Global Shaders for PCD3D_SM5
[2020.09.10-23.55.23:147][  0]LogSlate: Using FreeType 2.10.0
[2020.09.10-23.55.23:264][  0]LogSlate: SlateFontServices - WITH_FREETYPE: 1, WITH_HARFBUZZ: 1
[2020.09.10-23.55.24:119][  0]LogAssetRegistry: FAssetRegistry took 0.0286 seconds to start up
[2020.09.10-23.55.39:537][  0]LogInit: Selected Device Profile: [Windows]
[2020.09.10-23.55.45:323][  0]LogMeshReduction: Using QuadricMeshReduction for automatic static mesh reduction
[2020.09.10-23.55.45:324][  0]LogMeshReduction: Using SimplygonMeshReduction for automatic skeletal mesh reduction
[2020.09.10-23.55.45:324][  0]LogMeshReduction: Using ProxyLODMeshReduction for automatic mesh merging
[2020.09.10-23.55.45:324][  0]LogMeshReduction: No distributed automatic mesh merging module available
[2020.09.10-23.55.45:324][  0]LogMeshMerging: No distributed automatic mesh merging module available
[2020.09.10-23.55.47:546][  0]LogNetVersion: GRVRMuseumProject 1.0.0, NetCL: 10570792, EngineNetVer: 13, GameNetVer: 0 (Checksum: 1871045798)
[2020.09.10-23.56.25:119][  0]LogPackageLocalizationCache: Processed 10 localized package path(s) for 1 prioritized culture(s) in 0.124925 seconds
[2020.09.10-23.56.25:178][  0]LogUObjectArray: 46750 objects as part of root set at end of initial load.
[2020.09.10-23.56.25:178][  0]LogUObjectAllocator: 8137160 out of 0 bytes used by permanent object pool.
[2020.09.10-23.56.25:178][  0]LogUObjectArray: CloseDisregardForGC: 0/0 objects in disregard for GC pool
[2020.09.10-23.56.30:510][  0]LogTcpMessaging: Initializing TcpMessaging bridge
[2020.09.10-23.56.30:600][  0]LogUdpMessaging: Initializing bridge on interface 0.0.0.0:0 to multicast group 230.0.0.1:6666.
[2020.09.10-23.56.31:441][  0]SourceControl: Source control is disabled
[2020.09.10-23.56.31:455][  0]SourceControl: Source control is disabled
[2020.09.10-23.56.31:598][  0]SourceControl: Source control is disabled
[2020.09.10-23.56.31:602][  0]SourceControl: Source control is disabled
[2020.09.10-23.56.31:605][  0]SourceControl: Source control is disabled
[2020.09.10-23.56.32:936][  0]LogAndroidPermission: UAndroidPermissionCallbackProxy::GetInstance
[2020.09.10-23.56.33:035][  0]LogAudioCaptureCore: Display: No Audio Capture implementations found. Audio input will be silent.
[2020.09.10-23.56.33:035][  0]LogAudioCaptureCore: Display: No Audio Capture implementations found. Audio input will be silent.
[2020.09.10-23.56.33:535][  0]LogOcInput: OculusInput pre-init called
[2020.09.10-23.56.33:590][  0]LogWindows: Failed to load 'OVRPlugin.dll' (GetLastError=126)
[2020.09.10-23.56.33:590][  0]LogWindows: File 'OVRPlugin.dll' does not exist
[2020.09.10-23.56.35:884][  0]LogEngine: Initializing Engine...
[2020.09.10-23.56.36:066][  0]LogHMD: Failed to initialize OpenVR with code 110
[2020.09.10-23.56.36:208][  0]LogStats: UGameplayTagsManager::InitializeManager -  0.065 s
[2020.09.10-23.56.37:480][  0]LogInit: Initializing FReadOnlyCVARCache
[2020.09.10-23.56.38:543][  0]LogAIModule: Creating AISystem for world Untitled
[2020.09.10-23.56.39:027][  0]LogAudioMixer: Display: Audio Mixer Platform Settings:
[2020.09.10-23.56.39:027][  0]LogAudioMixer: Display: 	Sample Rate:						  48000
[2020.09.10-23.56.39:027][  0]LogAudioMixer: Display: 	Callback Buffer Frame Size Requested: 1024
[2020.09.10-23.56.39:027][  0]LogAudioMixer: Display: 	Callback Buffer Frame Size To Use:	  1024
[2020.09.10-23.56.39:027][  0]LogAudioMixer: Display: 	Number of buffers to queue:			  2
[2020.09.10-23.56.39:027][  0]LogAudioMixer: Display: 	Max Channels (voices):				  32
[2020.09.10-23.56.39:027][  0]LogAudioMixer: Display: 	Number of Async Source Workers:		  0
[2020.09.10-23.56.39:041][  0]LogAudio: Display: AudioDevice MaxSources: 32
[2020.09.10-23.56.39:129][  0]LogAudio: Display: Using built-in audio occlusion.
[2020.09.10-23.56.39:129][  0]LogAudioMixer: Display: Initializing audio mixer.
[2020.09.10-23.56.39:186][  0]LogAudioMixer: Display: Audio Device Output Speaker Info:
[2020.09.10-23.56.39:186][  0]LogAudioMixer: Display: Name: Speakers (Scarlett 2i2 USB)
[2020.09.10-23.56.39:186][  0]LogAudioMixer: Display: Is Default: Yes
[2020.09.10-23.56.39:186][  0]LogAudioMixer: Display: Sample Rate: 44100
[2020.09.10-23.56.39:186][  0]LogAudioMixer: Display: Channel Count Used: 2
[2020.09.10-23.56.39:186][  0]LogAudioMixer: Display: Device Channel Count: 2
[2020.09.10-23.56.39:186][  0]LogAudioMixer: Display: Channel Order:
[2020.09.10-23.56.39:186][  0]LogAudioMixer: Display: 0: FrontLeft
[2020.09.10-23.56.39:186][  0]LogAudioMixer: Display: 1: FrontRight
[2020.09.10-23.56.39:207][  0]LogAudioMixer: Display: Using Audio Device Speakers (Scarlett 2i2 USB)
[2020.09.10-23.56.39:255][  0]LogInit: FAudioDevice initialized.
[2020.09.10-23.56.39:285][  0]LogNetVersion: Set ProjectVersion to 1.0.0.0. Version Checksum will be recalculated on next use.
[2020.09.10-23.56.39:425][  0]LogDerivedDataCache: Saved boot cache 0.14s 79MB C:/Users/jayle/AppData/Local/UnrealEngine/4.24/DerivedDataCache/Boot.ddc.
[2020.09.10-23.56.39:427][  0]LogInit: Texture streaming: Enabled
[2020.09.10-23.56.39:761][  0]LogEngineSessionManager: EngineSessionManager initialized
[2020.09.10-23.56.39:769][  0]LogEditorSessionSummary: Verbose: Initializing EditorSessionSummaryWriter for editor session tracking
[2020.09.10-23.56.39:778][  0]LogEditorSessionSummary: EditorSessionSummaryWriter initialized
[2020.09.10-23.56.40:257][  0]LogInit: Transaction tracking system initialized
[2020.09.10-23.56.40:915][  0]BlueprintLog: New page: Editor Load
[2020.09.10-23.56.42:673][  0]LocalizationService: Localization service is disabled
[2020.09.10-23.56.44:944][  0]LogFileCache: Scanning file cache for directory 'D:/College Classes/Year 3 - Fall/GRVR-Native-American-Village/GRVRMuseumProject/Content/' took 0.05s
[2020.09.10-23.56.44:944][  0]LogCook: Display: Max memory allowance for cook 16384mb min free memory 0mb
[2020.09.10-23.56.44:944][  0]LogCook: Display: Mobile HDR setting 1
[2020.09.10-23.56.47:894][  0]LogLinker: Failed to load '/Game/WaterMaterials/Textures/T_Noise_Stormy': Can't find file.
[2020.09.10-23.56.47:894][  0]LogLinker: Failed to load '/Game/WaterMaterials/Textures/T_Noise_Stormy': Can't find file.
[2020.09.10-23.56.48:142][  0]SourceControl: Source control is disabled
[2020.09.10-23.56.48:274][  0]Cmd: MAP LOAD FILE="../../../Engine/Content/Maps/Templates/Template_Default.umap" TEMPLATE=1 SHOWPROGRESS=1 FEATURELEVEL=3
[2020.09.10-23.56.48:315][  0]LightingResults: New page: Lighting Build
[2020.09.10-23.56.48:612][  0]LogWorld: UWorld::CleanupWorld for Untitled, bSessionEnded=true, bCleanupResources=true
[2020.09.10-23.56.48:693][  0]LogSlate: InvalidateAllWidgets triggered.  All widgets were invalidated
[2020.09.10-23.56.49:263][  0]MapCheck: New page: Map Check
[2020.09.10-23.56.49:263][  0]LightingResults: New page: Lighting Build
[2020.09.10-23.56.51:261][  0]LogUObjectHash: Compacting FUObjectHashTables data took   1.84ms
[2020.09.10-23.56.53:139][  0]LogAIModule: Creating AISystem for world Untitled_1
[2020.09.10-23.56.54:060][  0]LogEditorServer: Finished looking for orphan Actors (0.000 secs)
[2020.09.10-23.56.54:230][  0]LogUObjectHash: Compacting FUObjectHashTables data took   1.88ms
[2020.09.10-23.56.54:240][  0]Cmd: MAP CHECKDEP NOCLEARLOG
[2020.09.10-23.56.54:263][  0]MapCheck: Map check complete: 0 Error(s), 0 Warning(s), took 22.761ms to complete.
[2020.09.10-23.56.54:274][  0]LogFileHelpers: Loading map 'Template_Default' took 6.097
[2020.09.10-23.56.57:008][  0]LogSlate: Updating window title bar state: overlay mode, drag disabled, window buttons hidden, title bar hidden
[2020.09.10-23.56.57:016][  0]LogSlate: Updating window title bar state: overlay mode, drag disabled, window buttons hidden, title bar hidden
[2020.09.10-23.56.57:022][  0]LogSlate: Updating window title bar state: overlay mode, drag disabled, window buttons hidden, title bar hidden
[2020.09.10-23.56.57:028][  0]LogSlate: Updating window title bar state: overlay mode, drag disabled, window buttons hidden, title bar hidden
[2020.09.10-23.56.57:317][  0]LogCollectionManager: Loaded 0 collections in 0.001605 seconds
[2020.09.10-23.56.57:571][  0]LogFileCache: Scanning file cache for directory 'D:/College Classes/Year 3 - Fall/GRVR-Native-American-Village/GRVRMuseumProject/Saved/Collections/' took 0.00s
[2020.09.10-23.56.57:571][  0]LogFileCache: Scanning file cache for directory 'D:/College Classes/Year 3 - Fall/GRVR-Native-American-Village/GRVRMuseumProject/Content/Developers/jayle/Collections/' took 0.00s
[2020.09.10-23.56.57:571][  0]LogFileCache: Scanning file cache for directory 'D:/College Classes/Year 3 - Fall/GRVR-Native-American-Village/GRVRMuseumProject/Content/Collections/' took 0.00s
[2020.09.10-23.56.57:571][  0]LogContentBrowser: Native class hierarchy populated in 0.0084 seconds. Added 3015 classes and 717 folders.
[2020.09.10-23.56.57:836][  0]LogContentBrowser: Native class hierarchy updated for 'WidgetCarousel' in 0.0003 seconds. Added 0 classes and 0 folders.
[2020.09.10-23.56.58:214][  0]LogContentBrowser: Native class hierarchy updated for 'AddContentDialog' in 0.0003 seconds. Added 0 classes and 0 folders.
[2020.09.10-23.56.58:429][  0]LogContentBrowser: Native class hierarchy updated for 'SceneOutliner' in 0.0003 seconds. Added 2 classes and 3 folders.
[2020.09.10-23.56.59:632][  0]LogSlate: Took 0.041179 seconds to synchronously load lazily loaded font '../../../Engine/Content/Slate/Fonts/Roboto-Regular.ttf' (155K)
[2020.09.10-23.56.59:705][  0]LogSlate: Took 0.045392 seconds to synchronously load lazily loaded font '../../../Engine/Content/Slate/Fonts/Roboto-Bold.ttf' (160K)
[2020.09.10-23.56.59:811][  0]LogSlate: Took 0.010882 seconds to synchronously load lazily loaded font '../../../Engine/Content/Editor/Slate/Fonts/FontAwesome.ttf' (139K)
[2020.09.10-23.57.00:884][  0]LogRenderer: Reallocating scene render targets to support 964x456 Format 10 NumSamples 1 (Frame:1).
[2020.09.10-23.57.01:996][  0]LogContentBrowser: Native class hierarchy updated for 'HierarchicalLODOutliner' in 0.0003 seconds. Added 0 classes and 0 folders.
[2020.09.10-23.57.01:996][  0]LogLoad: (Engine Initialization) Total time: 132.53 seconds
[2020.09.10-23.57.01:996][  0]LogLoad: (Engine Initialization) Total Blueprint compile time: 0.00 seconds
[2020.09.10-23.57.02:930][  0]LogContentStreaming: Texture pool size now 1000 MB
[2020.09.10-23.57.03:479][  0]LogSlate: Took 0.038044 seconds to synchronously load lazily loaded font '../../../Engine/Content/Slate/Fonts/Roboto-Light.ttf' (167K)
[2020.09.10-23.57.04:191][  2]LogAssetRegistry: Asset discovery search completed in 100.0738 seconds
[2020.09.10-23.57.04:333][  2]LogCollectionManager: Fixed up redirectors for 0 collections in 0.000016 seconds (updated 0 objects)
[2020.09.10-23.57.49:531][632]LogSlate: Took 0.000223 seconds to synchronously load lazily loaded font '../../../Engine/Content/Slate/Fonts/Roboto-Light.ttf' (167K)
[2020.09.10-23.57.50:502][632]LogBlueprint: Warning: [Compiler MotionControllerPawn] Get Input Axis references unknown Axis 'MotionControllerThumbRight_X' for  Get MotionControllerThumbRight_X
[2020.09.10-23.57.50:502][632]LogBlueprint: Warning: [Compiler MotionControllerPawn] Get Input Axis references unknown Axis 'MotionControllerThumbRight_Y' for  Get MotionControllerThumbRight_Y
[2020.09.10-23.57.50:502][632]LogBlueprint: Warning: [Compiler MotionControllerPawn] Get Input Axis references unknown Axis 'MotionControllerThumbLeft_Y' for  Get MotionControllerThumbLeft_Y
[2020.09.10-23.57.50:502][632]LogBlueprint: Warning: [Compiler MotionControllerPawn] Get Input Axis references unknown Axis 'MotionControllerThumbLeft_X' for  Get MotionControllerThumbLeft_X
[2020.09.10-23.57.50:502][632]LogBlueprint: Warning: [Compiler MotionControllerPawn] InputAction Event references unknown Action 'TeleportRight' for  InputAction TeleportRight
[2020.09.10-23.57.50:502][632]LogBlueprint: Warning: [Compiler MotionControllerPawn] InputAction Event references unknown Action 'TeleportLeft' for  InputAction TeleportLeft
[2020.09.10-23.57.50:502][632]LogBlueprint: Warning: [Compiler MotionControllerPawn] InputAction Event references unknown Action 'GrabRight' for  InputAction GrabRight
[2020.09.10-23.57.50:502][632]LogBlueprint: Warning: [Compiler MotionControllerPawn] InputAction Event references unknown Action 'GrabLeft' for  InputAction GrabLeft
[2020.09.10-23.57.50:573][632]LogLinker: Warning: While loading '../../../../../College Classes/Year 3 - Fall/GRVR-Native-American-Village/GRVRMuseumProject/Content/Terrain/GrandRiver.umap' failed to load '/Game/Terrain/GrandRiver_BuiltData': Can't find file.
[2020.09.10-23.57.50:573][632]LogLinker: Warning: While loading '../../../../../College Classes/Year 3 - Fall/GRVR-Native-American-Village/GRVRMuseumProject/Content/Terrain/GrandRiver.umap' failed to load '/Game/Terrain/GrandRiver_BuiltData': Can't find file.
[2020.09.10-23.57.50:603][632]LogLinker: Warning: While loading '../../../../../College Classes/Year 3 - Fall/GRVR-Native-American-Village/GRVRMuseumProject/Content/Terrain/GrandRiver.umap' failed to load '/Game/Terrain/GrandRiver_BuiltData': Can't find file.
[2020.09.10-23.57.50:603][632]LogLinker: Warning: While loading '../../../../../College Classes/Year 3 - Fall/GRVR-Native-American-Village/GRVRMuseumProject/Content/Terrain/GrandRiver.umap' failed to load '/Game/Terrain/GrandRiver_BuiltData': Can't find file.
[2020.09.10-23.57.50:971][632]LogTexture: Display: Building textures: T_Cubemap (RGBA16F, 256X256)
[2020.09.10-23.57.50:972][632]LogTexture: Display: Building textures: T_Noise_Stormy (AutoDXT, 1024X1024)
[2020.09.10-23.57.50:972][632]LogTexture: Display: Building textures: T_Water_EdgeNormals (BC5, 1024X1024)
[2020.09.10-23.57.50:972][632]LogTexture: Display: Building textures: T_Water_Normal_Large (BC5, 1024X1024)
[2020.09.10-23.57.50:972][632]LogTexture: Display: Building textures: T_Ocean_Foam (AutoDXT, 1024X1024)
[2020.09.10-23.57.50:972][632]LogTexture: Display: Building textures: Map (BGRA8, 1081X1081)
[2020.09.10-23.57.50:972][632]LogTexture: Display: Building textures: 2006_12_21_001 (AutoDXT, 2000X1452)
[2020.09.10-23.57.50:972][632]LogTexture: Display: Building textures: Leaf2k (AutoDXT, 2048X2048)
[2020.09.10-23.57.50:972][632]LogTexture: Display: Building textures: se4rwei_2K_Normal (BC5, 2048X2048)
[2020.09.10-23.57.50:972][632]LogTexture: Display: Building textures: tl2neghew_2K_Normal (BC5, 2048X2048)
[2020.09.10-23.57.50:974][632]LogLinker: Warning: While loading '../../../../../College Classes/Year 3 - Fall/GRVR-Native-American-Village/GRVRMuseumProject/Content/Terrain/GrandRiver.umap' failed to load '/Game/Terrain/GrandRiver_BuiltData': Can't find file.
[2020.09.10-23.57.51:050][632]LogTexture: Display: Building textures: Grass2k (AutoDXT, 2048X2048)
[2020.09.10-23.57.51:050][632]LoadErrors: Failed to load /Game/Terrain/GrandRiver_BuiltData.GrandRiver_BuiltData Referenced by PersistentLevel
[2020.09.10-23.57.51:051][632]LogLinker: Warning: While loading '../../../../../College Classes/Year 3 - Fall/GRVR-Native-American-Village/GRVRMuseumProject/Content/Terrain/GrandRiver.umap' failed to load '/Game/Terrain/GrandRiver_BuiltData': Can't find file.
[2020.09.10-23.57.51:409][632]LogTexture: Display: Building textures: CanoeUnwrapped_CanoeMain_OcclusionRoughnessMetallic (AutoDXT, 2048X2048)
[2020.09.10-23.57.51:409][632]LogStaticMesh: Building static mesh RiverFBX...
[2020.09.10-23.57.53:776][632]LogTexture: Display: Building textures: CanoeUnwrapped_CanoeMain_Normal (BC5, 2048X2048)
[2020.09.10-23.57.53:776][632]LogTexture: Display: Building textures: CanoeUnwrapped_CanoeMain_BaseColor (AutoDXT, 2048X2048)
[2020.09.10-23.57.53:776][632]LogTexture: Display: Building textures: CanoeUnwrapped_BoardsAndEdge_OcclusionRoughnessMetallic (AutoDXT, 2048X2048)
[2020.09.10-23.57.53:776][632]LogTexture: Display: Building textures: CanoeUnwrapped_BoardsAndEdge_BaseColor (AutoDXT, 2048X2048)
[2020.09.10-23.57.53:776][632]LogTexture: Display: Building textures: CanoeUnwrapped_BoardsAndEdge_Normal (BC5, 2048X2048)
[2020.09.10-23.57.53:776][632]LogTexture: Display: Building textures: T_FieldGrass_02_M (AutoDXT, 1024X1024)
[2020.09.10-23.57.53:776][632]LogTexture: Display: Building textures: T_FieldGrass_01_D (AutoDXT, 1024X1024)
[2020.09.10-23.57.53:776][632]LogStaticMesh: Built static mesh [2.36s] /Game/Geometry/RiverFBX.RiverFBX
[2020.09.10-23.57.54:615][632]LogTexture: Display: Building textures: T_TilingNoise06_N (BC5, 2048X2048)
[2020.09.10-23.57.54:615][632]LogTexture: Display: Building textures: T_Fern_01_N (BC5, 2048X2048)
[2020.09.10-23.57.54:615][632]LogStaticMesh: Building static mesh Wood...
[2020.09.10-23.57.54:658][632]LogStaticMesh: Built static mesh [0.04s] /Game/Geometry/Greybox/Wood.Wood
[2020.09.10-23.57.54:671][632]LogStaticMesh: Building static mesh WarClub...
[2020.09.10-23.57.54:700][632]LogStaticMesh: Built static mesh [0.03s] /Game/Geometry/Greybox/WarClub.WarClub
[2020.09.10-23.57.54:706][632]LogStaticMesh: Building static mesh Longhouse...
[2020.09.10-23.57.56:724][632]LogTexture: Display: Building textures: T_Fern_01_D (AutoDXT, 2048X2048)
[2020.09.10-23.57.56:724][632]LogTexture: Display: Building textures: ConiferBark_Normal (BC5, 512X2048)
[2020.09.10-23.57.56:724][632]LogTexture: Display: Building textures: ConiferBark (AutoDXT, 512X2048)
[2020.09.10-23.57.56:724][632]LogTexture: Display: Building textures: Conifer_Desktop_Atlas (AutoDXT, 1024X1024)
[2020.09.10-23.57.56:724][632]LogTexture: Display: Building textures: Texture2D_0 (BGRA8, 512X512)
[2020.09.10-23.57.56:724][632]LogTexture: Display: Building textures: Texture2D_1 (BGRA8, 512X512)
[2020.09.10-23.57.56:724][632]LogTexture: Display: Building textures: Texture2D_10 (BGRA8, 512X512)
[2020.09.10-23.57.56:724][632]LogTexture: Display: Building textures: Texture2D_11 (BGRA8, 512X512)
[2020.09.10-23.57.56:724][632]LogTexture: Display: Building textures: Texture2D_12 (BGRA8, 512X512)
[2020.09.10-23.57.56:724][632]LogTexture: Display: Building textures: Texture2D_13 (BGRA8, 512X512)
[2020.09.10-23.57.56:724][632]LogTexture: Display: Building textures: Texture2D_14 (BGRA8, 512X512)
[2020.09.10-23.57.56:724][632]LogTexture: Display: Building textures: Texture2D_15 (BGRA8, 512X512)
[2020.09.10-23.57.56:724][632]LogTexture: Display: Building textures: Texture2D_16 (BGRA8, 512X512)
[2020.09.10-23.57.56:724][632]LogTexture: Display: Building textures: Texture2D_17 (BGRA8, 512X512)
[2020.09.10-23.57.56:724][632]LogTexture: Display: Building textures: Texture2D_18 (BGRA8, 512X512)
[2020.09.10-23.57.56:724][632]LogTexture: Display: Building textures: Texture2D_19 (BGRA8, 512X512)
[2020.09.10-23.57.56:724][632]LogTexture: Display: Building textures: Texture2D_2 (BGRA8, 512X512)
[2020.09.10-23.57.56:724][632]LogTexture: Display: Building textures: Texture2D_20 (BGRA8, 512X512)
[2020.09.10-23.57.56:724][632]LogTexture: Display: Building textures: Texture2D_21 (BGRA8, 512X512)
[2020.09.10-23.57.56:724][632]LogTexture: Display: Building textures: Texture2D_3 (BGRA8, 512X512)
[2020.09.10-23.57.56:724][632]LogTexture: Display: Building textures: Texture2D_4 (BGRA8, 512X512)
[2020.09.10-23.57.56:724][632]LogTexture: Display: Building textures: Texture2D_5 (BGRA8, 512X512)
[2020.09.10-23.57.56:724][632]LogTexture: Display: Building textures: Texture2D_6 (BGRA8, 512X512)
[2020.09.10-23.57.56:724][632]LogTexture: Display: Building textures: Texture2D_7 (BGRA8, 512X512)
[2020.09.10-23.57.56:724][632]LogTexture: Display: Building textures: Texture2D_8 (BGRA8, 512X512)
[2020.09.10-23.57.56:724][632]LogTexture: Display: Building textures: Texture2D_9 (BGRA8, 512X512)
[2020.09.10-23.57.56:724][632]LogStaticMesh: Built static mesh [2.02s] /Game/Geometry/Greybox/Longhouse.Longhouse
[2020.09.10-23.57.56:942][632]LogStaticMesh: Building static mesh FishingSpear...
[2020.09.10-23.57.56:946][632]LogStaticMesh: Built static mesh [0.00s] /Game/Geometry/Greybox/FishingSpear.FishingSpear
[2020.09.10-23.57.56:950][632]LogStaticMesh: Building static mesh FishingCreel2...
[2020.09.10-23.57.56:957][632]LogStaticMesh: Built static mesh [0.01s] /Game/Geometry/Greybox/FishingCreel2.FishingCreel2
[2020.09.10-23.57.56:959][632]LogStaticMesh: Building static mesh FishingCreel...
[2020.09.10-23.57.56:965][632]LogStaticMesh: Built static mesh [0.01s] /Game/Geometry/Greybox/FishingCreel.FishingCreel
[2020.09.10-23.57.56:969][632]LogStaticMesh: Building static mesh Fire...
[2020.09.10-23.57.57:345][632]LogStaticMesh: Built static mesh [0.38s] /Game/Geometry/Greybox/Fire.Fire
[2020.09.10-23.57.57:361][632]LogStaticMesh: Building static mesh Cradleboard...
[2020.09.10-23.57.57:382][632]LogStaticMesh: Built static mesh [0.02s] /Game/Geometry/Greybox/Cradleboard.Cradleboard
[2020.09.10-23.57.57:387][632]LogStaticMesh: Building static mesh Baskets...
[2020.09.10-23.57.59:067][632]LogStaticMesh: Built static mesh [1.68s] /Game/Geometry/Greybox/Baskets.Baskets
[2020.09.10-23.57.59:300][632]LogStaticMesh: Building static mesh CanoeUnwrapped...
[2020.09.10-23.57.59:329][632]LogStaticMesh: Built static mesh [0.03s] /Game/Geometry/Canoe/CanoeUnwrapped.CanoeUnwrapped
[2020.09.10-23.57.59:349][632]LogMaterial: Display: Missing cached shader map for material M_Rapids_Cheaper, compiling. 
[2020.09.10-23.57.59:662][632]LogShaderCompilers: Display: Worker (1/9): shaders left to compile 58
[2020.09.10-23.57.59:662][632]LogShaderCompilers: Display: Worker (2/9): shaders left to compile 50
[2020.09.10-23.57.59:662][632]LogShaderCompilers: Display: Worker (3/9): shaders left to compile 42
[2020.09.10-23.57.59:662][632]LogShaderCompilers: Display: Worker (4/9): shaders left to compile 34
[2020.09.10-23.57.59:662][632]LogShaderCompilers: Display: Worker (5/9): shaders left to compile 26
[2020.09.10-23.57.59:662][632]LogShaderCompilers: Display: Worker (6/9): shaders left to compile 18
[2020.09.10-23.57.59:662][632]LogShaderCompilers: Display: Worker (7/9): shaders left to compile 10
[2020.09.10-23.57.59:662][632]LogShaderCompilers: Display: Worker (8/9): shaders left to compile 2
[2020.09.10-23.57.59:662][632]LogMaterial: Display: Missing cached shader map for material OldMapMat, compiling. 
[2020.09.10-23.57.59:690][632]LogMaterial: Display: Missing cached shader map for material MapMat, compiling. 
[2020.09.10-23.57.59:726][632]LogMaterial: Display: Missing cached shader map for material LandScapeMat, compiling. 
[2020.09.10-23.57.59:789][632]LogMaterial: Display: Missing cached shader map for material CanoeMain, compiling. 
[2020.09.10-23.57.59:803][632]LogMaterial: Display: Missing cached shader map for material BoardsMat, compiling. 
[2020.09.10-23.57.59:814][632]LogStaticMesh: Building static mesh SM_FieldGrass_02...
[2020.09.10-23.57.59:842][632]LogStaticMesh: Built static mesh [0.03s] /Game/Foliage/Grass/FieldGrass/SM_FieldGrass_02.SM_FieldGrass_02
[2020.09.10-23.57.59:850][632]LogMaterial: Display: Missing cached shader map for material M_FieldGrass_01, compiling. 
[2020.09.10-23.57.59:946][632]LogStaticMesh: Building static mesh SM_FieldGrass_01...
[2020.09.10-23.57.59:973][632]LogStaticMesh: Built static mesh [0.03s] /Game/Foliage/Grass/FieldGrass/SM_FieldGrass_01.SM_FieldGrass_01
[2020.09.10-23.57.59:979][632]LogMaterial: Display: Missing cached shader map for material M_TeleportPreviews, compiling. 
[2020.09.10-23.57.59:988][632]LogStaticMesh: Building static mesh 1x1_cube...
[2020.09.10-23.57.59:989][632]LogStaticMesh: Built static mesh [0.00s] /Game/VirtualReality/Meshes/1x1_cube.1x1_cube
[2020.09.10-23.57.59:994][632]LogStaticMesh: Building static mesh SM_FatCylinder...
[2020.09.10-23.57.59:999][632]LogStaticMesh: Built static mesh [0.01s] /Game/VirtualReality/Meshes/SM_FatCylinder.SM_FatCylinder
[2020.09.10-23.58.00:018][632]LogMaterial: Display: Missing cached shader map for material M_HandMat, compiling. 
[2020.09.10-23.58.00:069][632]LogMaterial: Display: Missing cached shader map for material M_Fern_01, compiling. 
[2020.09.10-23.58.00:111][632]LogStaticMesh: Building static mesh SM_Fern_01...
[2020.09.10-23.58.00:171][632]LogStaticMesh: Built static mesh [0.06s] /Game/Foliage/Ferns/SM_Fern_01.SM_Fern_01
[2020.09.10-23.58.00:183][632]LogMaterial: Display: Missing cached shader map for material ConiferBark_Mat, compiling. 
[2020.09.10-23.58.00:212][632]LogMaterial: Display: Missing cached shader map for material Conifer_Desktop_Atlas_Mat, compiling. 
[2020.09.10-23.58.00:256][632]LogStaticMesh: Building static mesh ConiferTree...
[2020.09.10-23.58.00:539][632]LogStaticMesh: Built static mesh [0.28s] /Game/Foliage/ConiferTree.ConiferTree
[2020.09.10-23.58.01:023][632]LogMaterial: Display: Missing cached shader map for material LandScapeMat, compiling. 
[2020.09.10-23.58.01:065][632]LogMaterial: Display: Missing cached shader map for material LandScapeMat, compiling. 
[2020.09.10-23.58.01:100][632]LogMaterial: Display: Missing cached shader map for material LandScapeMat, compiling. 
[2020.09.10-23.58.01:136][632]LogMaterial: Display: Missing cached shader map for material LandScapeMat, compiling. 
[2020.09.10-23.58.01:184][632]LogMaterial: Display: Missing cached shader map for material LandScapeMat, compiling. 
[2020.09.10-23.58.01:236][632]LogMaterial: Display: Missing cached shader map for material LandScapeMat, compiling. 
[2020.09.10-23.58.01:401][632]LogSkeletalMesh: Building Skeletal Mesh MannequinHand_Right...
[2020.09.10-23.58.01:433][632]LogSkeletalMesh: Built Skeletal Mesh [0.04s] /Game/VirtualReality/Mannequin/Character/Mesh/MannequinHand_Right.MannequinHand_Right
[2020.09.10-23.58.01:495][632]LogStaticMesh: Building static mesh BeaconDirection...
[2020.09.10-23.58.01:498][632]LogStaticMesh: Built static mesh [0.00s] /Game/VirtualReality/Meshes/BeaconDirection.BeaconDirection
[2020.09.10-23.58.01:509][632]LogMaterial: Display: Missing cached shader map for material M_ArcEndpoint, compiling. 
[2020.09.10-23.58.01:541][632]LogMaterial: Display: Missing cached shader map for material M_BaseMaterial, compiling. 
[2020.09.10-23.58.01:599][632]LogStaticMesh: Building static mesh BeamMesh...
[2020.09.10-23.58.01:603][632]LogStaticMesh: Built static mesh [0.00s] /Game/VirtualReality/Meshes/BeamMesh.BeamMesh
[2020.09.10-23.58.01:659][632]LogAnimationCompression: Building Anim DDC data for AnimSequence /Game/VirtualReality/Mannequin/Animations/MannequinHand_Right_CanGrab.MannequinHand_Right_CanGrab
[2020.09.10-23.58.01:693][632]LogAnimationCompression: Recompressing (AnimSequence /Game/VirtualReality/Mannequin/Animations/MannequinHand_Right_CanGrab.MannequinHand_Right_CanGrab) using current/default (AnimCompress_BitwiseCompressOnly_0) bFirstRecompressUsingCurrentOrDefault(1) bTryAlternateCompressor(0) IsCompressedDataValid(0)
[2020.09.10-23.58.01:697][632]LogAnimationCompression: Building Anim DDC data for AnimSequence /Game/VirtualReality/Mannequin/Animations/MannequinHand_Right_Grab.MannequinHand_Right_Grab
[2020.09.10-23.58.01:697][632]LogAnimationCompression: Recompressing (AnimSequence /Game/VirtualReality/Mannequin/Animations/MannequinHand_Right_Grab.MannequinHand_Right_Grab) using current/default (AnimCompress_BitwiseCompressOnly_0) bFirstRecompressUsingCurrentOrDefault(1) bTryAlternateCompressor(0) IsCompressedDataValid(0)
[2020.09.10-23.58.01:698][632]LogAnimationCompression: Building Anim DDC data for AnimSequence /Game/VirtualReality/Mannequin/Animations/MannequinHand_Right_Open.MannequinHand_Right_Open
[2020.09.10-23.58.01:698][632]LogAnimationCompression: Recompressing (AnimSequence /Game/VirtualReality/Mannequin/Animations/MannequinHand_Right_Open.MannequinHand_Right_Open) using current/default (AnimCompress_BitwiseCompressOnly_0) bFirstRecompressUsingCurrentOrDefault(1) bTryAlternateCompressor(0) IsCompressedDataValid(0)
[2020.09.10-23.58.01:704][632]LogMaterial: Display: Missing cached shader map for material M_SplineArcMat, compiling. 
[2020.09.10-23.58.01:789][632]LogAIModule: Creating AISystem for world GrandRiver
[2020.09.10-23.58.02:522][632]LogAssetEditorSubsystem: Opening Asset editor for World /Game/Terrain/GrandRiver.GrandRiver
[2020.09.10-23.58.02:737][632]LogUObjectHash: Compacting FUObjectHashTables data took   3.04ms
[2020.09.10-23.58.02:974][632]Cmd: MAP LOAD FILE="../../../../../College Classes/Year 3 - Fall/GRVR-Native-American-Village/GRVRMuseumProject/Content/Terrain/GrandRiver.umap" TEMPLATE=0 SHOWPROGRESS=1 FEATURELEVEL=3
[2020.09.10-23.58.02:976][632]LightingResults: New page: Lighting Build
[2020.09.10-23.58.02:977][632]LoadErrors: New page: Loading map: GrandRiver.umap
[2020.09.10-23.58.03:056][632]LogWorld: UWorld::CleanupWorld for Untitled_1, bSessionEnded=true, bCleanupResources=true
[2020.09.10-23.58.03:077][632]LogSlate: InvalidateAllWidgets triggered.  All widgets were invalidated
[2020.09.10-23.58.03:091][632]MapCheck: New page: Map Check
[2020.09.10-23.58.03:091][632]LightingResults: New page: Lighting Build
[2020.09.10-23.58.03:274][632]LogUObjectHash: Compacting FUObjectHashTables data took   5.51ms
[2020.09.10-23.58.04:402][632]LogShaderCompilers: Display: Worker (8/9): shaders left to compile 918
[2020.09.10-23.58.04:402][632]LogStreaming: Display: ULevelStreaming::RequestLevel(/Game/Terrain/Foilage) is flushing async loading
[2020.09.10-23.58.04:402][632]LogStreaming: Display: Flushing async loaders.
[2020.09.10-23.58.04:563][632]LogEditorServer: Finished looking for orphan Actors (0.000 secs)
[2020.09.10-23.58.05:662][632]LogUObjectHash: Compacting FUObjectHashTables data took   5.71ms
[2020.09.10-23.58.05:762][632]Cmd: MAP CHECKDEP NOCLEARLOG
[2020.09.10-23.58.05:763][632]MapCheck: Map check complete: 0 Error(s), 0 Warning(s), took 0.358ms to complete.
[2020.09.10-23.58.05:763][632]LogFileHelpers: Loading map 'GrandRiver' took 3.009
[2020.09.10-23.58.07:015][646]LogShaderCompilers: Display: Worker (2/9): shaders left to compile 908
[2020.09.10-23.58.07:249][647]LogShaderCompilers: Display: Worker (1/9): shaders left to compile 898
[2020.09.10-23.58.14:671][960]LogShaderCompilers: Display: Worker (8/9): shaders left to compile 888
[2020.09.10-23.58.15:812][ 22]LogShaderCompilers: Display: Worker (3/9): shaders left to compile 878
[2020.09.10-23.58.18:977][205]LogShaderCompilers: Display: Worker (6/9): shaders left to compile 868
[2020.09.10-23.58.20:023][264]LogShaderCompilers: Display: Worker (4/9): shaders left to compile 858
[2020.09.10-23.58.20:556][294]LogShaderCompilers: Display: Worker (7/9): shaders left to compile 848
[2020.09.10-23.58.20:576][295]LogShaderCompilers: Display: Worker (5/9): shaders left to compile 838
[2020.09.10-23.58.25:337][529]LogShaderCompilers: Display: Worker (3/9): shaders left to compile 828
[2020.09.10-23.58.25:402][533]LogShaderCompilers: Display: Worker (1/9): shaders left to compile 818
[2020.09.10-23.58.25:621][546]LogShaderCompilers: Display: Worker (2/9): shaders left to compile 808
[2020.09.10-23.58.33:783][  1]LogShaderCompilers: Display: Worker (8/9): shaders left to compile 798
[2020.09.10-23.58.34:181][ 22]LogShaderCompilers: Display: Worker (5/9): shaders left to compile 788
[2020.09.10-23.58.37:898][229]LogShaderCompilers: Display: Worker (4/9): shaders left to compile 778
[2020.09.10-23.58.38:099][240]LogShaderCompilers: Display: Worker (2/9): shaders left to compile 768
[2020.09.10-23.58.38:283][250]LogShaderCompilers: Display: Worker (1/9): shaders left to compile 758
[2020.09.10-23.58.38:412][256]LogShaderCompilers: Display: Worker (3/9): shaders left to compile 748
[2020.09.10-23.58.39:497][315]LogShaderCompilers: Display: Worker (7/9): shaders left to compile 738
[2020.09.10-23.58.39:735][329]LogShaderCompilers: Display: Worker (6/9): shaders left to compile 728
[2020.09.10-23.58.43:707][540]LogShaderCompilers: Display: Worker (8/9): shaders left to compile 718
[2020.09.10-23.58.45:909][648]LogShaderCompilers: Display: Worker (2/9): shaders left to compile 708
[2020.09.10-23.58.46:908][705]LogShaderCompilers: Display: Worker (4/9): shaders left to compile 698
[2020.09.10-23.58.47:357][731]LogShaderCompilers: Display: Worker (5/9): shaders left to compile 688
[2020.09.10-23.58.47:567][740]LogShaderCompilers: Display: Worker (6/9): shaders left to compile 678
[2020.09.10-23.58.51:497][962]LogShaderCompilers: Display: Worker (8/9): shaders left to compile 668
[2020.09.10-23.58.51:699][974]LogShaderCompilers: Display: Worker (1/9): shaders left to compile 658
[2020.09.10-23.58.53:749][ 87]LogShaderCompilers: Display: Worker (7/9): shaders left to compile 648
[2020.09.10-23.58.56:335][232]LogShaderCompilers: Display: Worker (3/9): shaders left to compile 638
[2020.09.10-23.58.57:764][314]LogShaderCompilers: Display: Worker (6/9): shaders left to compile 628
[2020.09.10-23.58.58:459][354]LogShaderCompilers: Display: Worker (5/9): shaders left to compile 618
[2020.09.10-23.58.59:608][418]LogShaderCompilers: Display: Worker (2/9): shaders left to compile 608
[2020.09.10-23.59.00:765][486]LogShaderCompilers: Display: Worker (4/9): shaders left to compile 598
[2020.09.10-23.59.03:753][645]LogShaderCompilers: Display: Worker (1/9): shaders left to compile 588
[2020.09.10-23.59.03:770][646]LogShaderCompilers: Display: Worker (8/9): shaders left to compile 578
[2020.09.10-23.59.04:722][699]LogShaderCompilers: Display: Worker (7/9): shaders left to compile 568
[2020.09.10-23.59.04:758][701]LogShaderCompilers: Display: Worker (5/9): shaders left to compile 558
[2020.09.10-23.59.04:843][706]LogShaderCompilers: Display: Worker (6/9): shaders left to compile 548
[2020.09.10-23.59.06:008][771]LogShaderCompilers: Display: Worker (3/9): shaders left to compile 538
[2020.09.10-23.59.10:235][  9]LogShaderCompilers: Display: Worker (7/9): shaders left to compile 528
[2020.09.10-23.59.10:818][ 42]LogShaderCompilers: Display: Worker (8/9): shaders left to compile 518
[2020.09.10-23.59.14:382][244]LogShaderCompilers: Display: Worker (1/9): shaders left to compile 508
[2020.09.10-23.59.14:497][251]LogShaderCompilers: Display: Worker (2/9): shaders left to compile 498
[2020.09.10-23.59.16:992][393]LogShaderCompilers: Display: Worker (3/9): shaders left to compile 488
[2020.09.10-23.59.17:581][425]LogShaderCompilers: Display: Worker (4/9): shaders left to compile 478
[2020.09.10-23.59.17:727][433]LogShaderCompilers: Display: Worker (5/9): shaders left to compile 468
[2020.09.10-23.59.19:385][525]LogShaderCompilers: Display: Worker (6/9): shaders left to compile 458
[2020.09.10-23.59.22:175][676]LogShaderCompilers: Display: Worker (8/9): shaders left to compile 448
[2020.09.10-23.59.22:947][719]LogShaderCompilers: Display: Worker (3/9): shaders left to compile 438
[2020.09.10-23.59.24:065][782]LogShaderCompilers: Display: Worker (7/9): shaders left to compile 428
[2020.09.10-23.59.25:168][845]LogShaderCompilers: Display: Worker (4/9): shaders left to compile 418
[2020.09.10-23.59.25:891][887]LogShaderCompilers: Display: Worker (1/9): shaders left to compile 408
[2020.09.10-23.59.27:183][958]LogShaderCompilers: Display: Worker (2/9): shaders left to compile 398
[2020.09.10-23.59.27:281][962]LogShaderCompilers: Display: Worker (5/9): shaders left to compile 388
[2020.09.10-23.59.29:124][ 64]LogShaderCompilers: Display: Worker (3/9): shaders left to compile 378
[2020.09.10-23.59.29:284][ 73]LogShaderCompilers: Display: Worker (7/9): shaders left to compile 368
[2020.09.10-23.59.34:462][368]LogShaderCompilers: Display: Worker (4/9): shaders left to compile 358
[2020.09.10-23.59.34:940][395]LogShaderCompilers: Display: Worker (8/9): shaders left to compile 348
[2020.09.10-23.59.36:094][459]LogShaderCompilers: Display: Worker (6/9): shaders left to compile 338
[2020.09.10-23.59.36:899][500]LogShaderCompilers: Display: Worker (2/9): shaders left to compile 328
[2020.09.10-23.59.39:245][629]LogShaderCompilers: Display: Worker (1/9): shaders left to compile 318
[2020.09.10-23.59.39:566][640]LogEditorViewport: Clicking on Actor (LMB): StaticMeshActor (FishingSpear)
[2020.09.10-23.59.40:552][640]LogShaderCompilers: Display: Worker (5/9): shaders left to compile 308
[2020.09.10-23.59.41:140][641]LogShaderCompilers: Display: Worker (7/9): shaders left to compile 298
[2020.09.10-23.59.42:173][666]LogShaderCompilers: Display: Worker (3/9): shaders left to compile 288
[2020.09.10-23.59.46:346][868]LogShaderCompilers: Display: Worker (8/9): shaders left to compile 278
[2020.09.10-23.59.46:997][899]LogShaderCompilers: Display: Worker (4/9): shaders left to compile 268
[2020.09.10-23.59.48:652][977]LogShaderCompilers: Display: Worker (2/9): shaders left to compile 258
[2020.09.10-23.59.49:033][995]LogShaderCompilers: Display: Worker (6/9): shaders left to compile 248
[2020.09.10-23.59.51:448][108]LogShaderCompilers: Display: Worker (7/9): shaders left to compile 238
[2020.09.10-23.59.51:699][120]LogShaderCompilers: Display: Worker (1/9): shaders left to compile 228
[2020.09.10-23.59.53:138][187]LogShaderCompilers: Display: Worker (5/9): shaders left to compile 218
[2020.09.10-23.59.55:388][272]LogShaderCompilers: Display: Worker (3/9): shaders left to compile 208
[2020.09.10-23.59.57:853][392]LogShaderCompilers: Display: Worker (8/9): shaders left to compile 198
[2020.09.10-23.59.59:666][478]LogShaderCompilers: Display: Worker (2/9): shaders left to compile 188
[2020.09.11-00.00.00:030][494]LogShaderCompilers: Display: Worker (4/9): shaders left to compile 178
[2020.09.11-00.00.01:673][570]LogShaderCompilers: Display: Worker (6/9): shaders left to compile 168
[2020.09.11-00.00.03:564][660]LogShaderCompilers: Display: Worker (7/9): shaders left to compile 158
[2020.09.11-00.00.04:088][685]LogShaderCompilers: Display: Worker (1/9): shaders left to compile 148
[2020.09.11-00.00.06:581][802]LogShaderCompilers: Display: Worker (5/9): shaders left to compile 138
[2020.09.11-00.00.07:921][865]LogShaderCompilers: Display: Worker (3/9): shaders left to compile 128
[2020.09.11-00.00.10:613][980]LogShaderCompilers: Display: Worker (8/9): shaders left to compile 118
[2020.09.11-00.00.12:003][ 44]LogShaderCompilers: Display: Worker (4/9): shaders left to compile 108
[2020.09.11-00.00.12:413][ 64]LogShaderCompilers: Display: Worker (2/9): shaders left to compile 98
[2020.09.11-00.00.14:797][175]LogShaderCompilers: Display: Worker (6/9): shaders left to compile 88
[2020.09.11-00.00.17:038][278]LogShaderCompilers: Display: Worker (7/9): shaders left to compile 78
[2020.09.11-00.00.17:704][307]LogShaderCompilers: Display: Worker (1/9): shaders left to compile 68
[2020.09.11-00.00.18:783][357]LogShaderCompilers: Display: Worker (5/9): shaders left to compile 59
[2020.09.11-00.00.19:481][390]LogShaderCompilers: Display: Worker (8/9): shaders left to compile 51
[2020.09.11-00.00.21:700][497]LogShaderCompilers: Display: Worker (3/9): shaders left to compile 44
[2020.09.11-00.00.27:748][785]LogShaderCompilers: Display: Worker (8/9): shaders left to compile 38
[2020.09.11-00.00.29:511][866]LogShaderCompilers: Display: Worker (3/9): shaders left to compile 33
[2020.09.11-00.00.30:880][928]LogShaderCompilers: Display: Worker (4/9): shaders left to compile 28
[2020.09.11-00.00.31:124][939]LogShaderCompilers: Display: Worker (7/9): shaders left to compile 24
[2020.09.11-00.00.31:192][942]LogShaderCompilers: Display: Worker (5/9): shaders left to compile 20
[2020.09.11-00.00.31:404][952]LogShaderCompilers: Display: Worker (1/9): shaders left to compile 17
[2020.09.11-00.00.32:884][ 23]LogShaderCompilers: Display: Worker (8/9): shaders left to compile 14
[2020.09.11-00.00.32:908][ 24]LogShaderCompilers: Display: Worker (5/9): shaders left to compile 12
[2020.09.11-00.00.32:931][ 25]LogShaderCompilers: Display: Worker (1/9): shaders left to compile 10
[2020.09.11-00.00.33:167][ 36]LogShaderCompilers: Display: Worker (2/9): shaders left to compile 8
[2020.09.11-00.00.33:625][ 58]LogShaderCompilers: Display: Worker (7/9): shaders left to compile 6
[2020.09.11-00.00.33:767][ 65]LogShaderCompilers: Display: Worker (1/9): shaders left to compile 5
[2020.09.11-00.00.33:990][ 76]LogShaderCompilers: Display: Worker (7/9): shaders left to compile 4
[2020.09.11-00.00.34:390][ 95]LogShaderCompilers: Display: Worker (1/9): shaders left to compile 3
[2020.09.11-00.00.34:781][114]LogShaderCompilers: Display: Worker (4/9): shaders left to compile 2
[2020.09.11-00.00.34:873][118]LogShaderCompilers: Display: Worker (2/9): shaders left to compile 1
[2020.09.11-00.07.12:898][ 72]LogUObjectHash: Compacting FUObjectHashTables data took   1.40ms
[2020.09.11-00.07.13:173][ 72]LogSlate: Window 'GRVRMuseumProject - Unreal Editor' being destroyed
[2020.09.11-00.07.13:190][ 72]LogWindowsTextInputMethodSystem: Display: IME system now deactivated.
[2020.09.11-00.07.14:415][ 73]Cmd: QUIT_EDITOR
[2020.09.11-00.07.14:415][ 73]LogCore: Engine exit requested (reason: UUnrealEdEngine::CloseEditor())
[2020.09.11-00.07.14:490][ 73]LogCore: Engine exit requested (reason: EngineExit() was called; note: exit was already requested)
[2020.09.11-00.07.14:601][ 73]LogAudioMixer: Display: No commands were queued while flushing the source manager.
